[2021-05-20 17:06:11] local.ERROR: SQLSTATE[HY000] [1045] Access denied for user 'root'@'localhost' (using password: NO) (SQL: select * from `users` where `id` = 1 limit 1) {"exception":"[object] (Illuminate\\Database\\QueryException(code: 1045): SQLSTATE[HY000] [1045] Access denied for user 'root'@'localhost' (using password: NO) (SQL: select * from `users` where `id` = 1 limit 1) at /mnt/BLOCKSTORAGE/home/250897.cloudwaysapps.com/dpsnfejbmg/public_html/vendor/laravel/framework/src/Illuminate/Database/Connection.php:665)
[stacktrace]
#0 /mnt/BLOCKSTORAGE/home/250897.cloudwaysapps.com/dpsnfejbmg/public_html/vendor/laravel/framework/src/Illuminate/Database/Connection.php(625): Illuminate\\Database\\Connection->runQueryCallback()
#1 /mnt/BLOCKSTORAGE/home/250897.cloudwaysapps.com/dpsnfejbmg/public_html/vendor/laravel/framework/src/Illuminate/Database/Connection.php(334): Illuminate\\Database\\Connection->run()
#2 /mnt/BLOCKSTORAGE/home/250897.cloudwaysapps.com/dpsnfejbmg/public_html/vendor/laravel/framework/src/Illuminate/Database/Query/Builder.php(2140): Illuminate\\Database\\Connection->select()
#3 /mnt/BLOCKSTORAGE/home/250897.cloudwaysapps.com/dpsnfejbmg/public_html/vendor/laravel/framework/src/Illuminate/Database/Query/Builder.php(2128): Illuminate\\Database\\Query\\Builder->runSelect()
#4 /mnt/BLOCKSTORAGE/home/250897.cloudwaysapps.com/dpsnfejbmg/public_html/vendor/laravel/framework/src/Illuminate/Database/Query/Builder.php(2572): Illuminate\\Database\\Query\\Builder->Illuminate\\Database\\Query\\{closure}()
#5 /mnt/BLOCKSTORAGE/home/250897.cloudwaysapps.com/dpsnfejbmg/public_html/vendor/laravel/framework/src/Illuminate/Database/Query/Builder.php(2129): Illuminate\\Database\\Query\\Builder->onceWithColumns()
#6 /mnt/BLOCKSTORAGE/home/250897.cloudwaysapps.com/dpsnfejbmg/public_html/vendor/laravel/framework/src/Illuminate/Database/Eloquent/Builder.php(521): Illuminate\\Database\\Query\\Builder->get()
#7 /mnt/BLOCKSTORAGE/home/250897.cloudwaysapps.com/dpsnfejbmg/public_html/vendor/laravel/framework/src/Illuminate/Database/Eloquent/Builder.php(505): Illuminate\\Database\\Eloquent\\Builder->getModels()
#8 /mnt/BLOCKSTORAGE/home/250897.cloudwaysapps.com/dpsnfejbmg/public_html/vendor/laravel/framework/src/Illuminate/Database/Concerns/BuildsQueries.php(143): Illuminate\\Database\\Eloquent\\Builder->get()
#9 /mnt/BLOCKSTORAGE/home/250897.cloudwaysapps.com/dpsnfejbmg/public_html/vendor/laravel/framework/src/Illuminate/Auth/EloquentUserProvider.php(68): Illuminate\\Database\\Eloquent\\Builder->first()
#10 /mnt/BLOCKSTORAGE/home/250897.cloudwaysapps.com/dpsnfejbmg/public_html/vendor/laravel/framework/src/Illuminate/Auth/SessionGuard.php(169): Illuminate\\Auth\\EloquentUserProvider->retrieveByToken()
#11 /mnt/BLOCKSTORAGE/home/250897.cloudwaysapps.com/dpsnfejbmg/public_html/vendor/laravel/framework/src/Illuminate/Auth/SessionGuard.php(139): Illuminate\\Auth\\SessionGuard->userFromRecaller()
#12 /mnt/BLOCKSTORAGE/home/250897.cloudwaysapps.com/dpsnfejbmg/public_html/vendor/laravel/framework/src/Illuminate/Auth/GuardHelpers.php(60): Illuminate\\Auth\\SessionGuard->user()
#13 /mnt/BLOCKSTORAGE/home/250897.cloudwaysapps.com/dpsnfejbmg/public_html/vendor/laravel/framework/src/Illuminate/Auth/AuthManager.php(307): Illuminate\\Auth\\SessionGuard->check()
#14 /mnt/BLOCKSTORAGE/home/250897.cloudwaysapps.com/dpsnfejbmg/public_html/vendor/laravel/framework/src/Illuminate/Support/Facades/Facade.php(239): Illuminate\\Auth\\AuthManager->__call()
#15 /mnt/BLOCKSTORAGE/home/250897.cloudwaysapps.com/dpsnfejbmg/public_html/app/Http/Middleware/Admin.php(18): Illuminate\\Support\\Facades\\Facade::__callStatic()
#16 /mnt/BLOCKSTORAGE/home/250897.cloudwaysapps.com/dpsnfejbmg/public_html/vendor/laravel/framework/src/Illuminate/Pipeline/Pipeline.php(171): App\\Http\\Middleware\\Admin->handle()
#17 /mnt/BLOCKSTORAGE/home/250897.cloudwaysapps.com/dpsnfejbmg/public_html/vendor/laravel/framework/src/Illuminate/Routing/Middleware/SubstituteBindings.php(41): Illuminate\\Pipeline\\Pipeline->Illuminate\\Pipeline\\{closure}()
#18 /mnt/BLOCKSTORAGE/home/250897.cloudwaysapps.com/dpsnfejbmg/public_html/vendor/laravel/framework/src/Illuminate/Pipeline/Pipeline.php(171): Illuminate\\Routing\\Middleware\\SubstituteBindings->handle()
#19 /mnt/BLOCKSTORAGE/home/250897.cloudwaysapps.com/dpsnfejbmg/public_html/vendor/laravel/framework/src/Illuminate/Foundation/Http/Middleware/VerifyCsrfToken.php(76): Illuminate\\Pipeline\\Pipeline->Illuminate\\Pipeline\\{closure}()
#20 /mnt/BLOCKSTORAGE/home/250897.cloudwaysapps.com/dpsnfejbmg/public_html/vendor/laravel/framework/src/Illuminate/Pipeline/Pipeline.php(171): Illuminate\\Foundation\\Http\\Middleware\\VerifyCsrfToken->handle()
#21 /mnt/BLOCKSTORAGE/home/250897.cloudwaysapps.com/dpsnfejbmg/public_html/vendor/laravel/framework/src/Illuminate/View/Middleware/ShareErrorsFromSession.php(49): Illuminate\\Pipeline\\Pipeline->Illuminate\\Pipeline\\{closure}()
#22 /mnt/BLOCKSTORAGE/home/250897.cloudwaysapps.com/dpsnfejbmg/public_html/vendor/laravel/framework/src/Illuminate/Pipeline/Pipeline.php(171): Illuminate\\View\\Middleware\\ShareErrorsFromSession->handle()
#23 /mnt/BLOCKSTORAGE/home/250897.cloudwaysapps.com/dpsnfejbmg/public_html/vendor/laravel/framework/src/Illuminate/Session/Middleware/StartSession.php(56): Illuminate\\Pipeline\\Pipeline->Illuminate\\Pipeline\\{closure}()
#24 /mnt/BLOCKSTORAGE/home/250897.cloudwaysapps.com/dpsnfejbmg/public_html/vendor/laravel/framework/src/Illuminate/Pipeline/Pipeline.php(171): Illuminate\\Session\\Middleware\\StartSession->handle()
#25 /mnt/BLOCKSTORAGE/home/250897.cloudwaysapps.com/dpsnfejbmg/public_html/vendor/laravel/framework/src/Illuminate/Cookie/Middleware/AddQueuedCookiesToResponse.php(37): Illuminate\\Pipeline\\Pipeline->Illuminate\\Pipeline\\{closure}()
#26 /mnt/BLOCKSTORAGE/home/250897.cloudwaysapps.com/dpsnfejbmg/public_html/vendor/laravel/framework/src/Illuminate/Pipeline/Pipeline.php(171): Illuminate\\Cookie\\Middleware\\AddQueuedCookiesToResponse->handle()
#27 /mnt/BLOCKSTORAGE/home/250897.cloudwaysapps.com/dpsnfejbmg/public_html/vendor/laravel/framework/src/Illuminate/Cookie/Middleware/EncryptCookies.php(66): Illuminate\\Pipeline\\Pipeline->Illuminate\\Pipeline\\{closure}()
#28 /mnt/BLOCKSTORAGE/home/250897.cloudwaysapps.com/dpsnfejbmg/public_html/vendor/laravel/framework/src/Illuminate/Pipeline/Pipeline.php(171): Illuminate\\Cookie\\Middleware\\EncryptCookies->handle()
#29 /mnt/BLOCKSTORAGE/home/250897.cloudwaysapps.com/dpsnfejbmg/public_html/vendor/laravel/framework/src/Illuminate/Pipeline/Pipeline.php(105): Illuminate\\Pipeline\\Pipeline->Illuminate\\Pipeline\\{closure}()
#30 /mnt/BLOCKSTORAGE/home/250897.cloudwaysapps.com/dpsnfejbmg/public_html/vendor/laravel/framework/src/Illuminate/Routing/Router.php(682): Illuminate\\Pipeline\\Pipeline->then()
#31 /mnt/BLOCKSTORAGE/home/250897.cloudwaysapps.com/dpsnfejbmg/public_html/vendor/laravel/framework/src/Illuminate/Routing/Router.php(657): Illuminate\\Routing\\Router->runRouteWithinStack()
#32 /mnt/BLOCKSTORAGE/home/250897.cloudwaysapps.com/dpsnfejbmg/public_html/vendor/laravel/framework/src/Illuminate/Routing/Router.php(623): Illuminate\\Routing\\Router->runRoute()
#33 /mnt/BLOCKSTORAGE/home/250897.cloudwaysapps.com/dpsnfejbmg/public_html/vendor/laravel/framework/src/Illuminate/Routing/Router.php(612): Illuminate\\Routing\\Router->dispatchToRoute()
#34 /mnt/BLOCKSTORAGE/home/250897.cloudwaysapps.com/dpsnfejbmg/public_html/vendor/laravel/framework/src/Illuminate/Foundation/Http/Kernel.php(176): Illuminate\\Routing\\Router->dispatch()
#35 /mnt/BLOCKSTORAGE/home/250897.cloudwaysapps.com/dpsnfejbmg/public_html/vendor/laravel/framework/src/Illuminate/Pipeline/Pipeline.php(130): Illuminate\\Foundation\\Http\\Kernel->Illuminate\\Foundation\\Http\\{closure}()
#36 /mnt/BLOCKSTORAGE/home/250897.cloudwaysapps.com/dpsnfejbmg/public_html/vendor/laravel/framework/src/Illuminate/Foundation/Http/Middleware/TransformsRequest.php(21): Illuminate\\Pipeline\\Pipeline->Illuminate\\Pipeline\\{closure}()
#37 /mnt/BLOCKSTORAGE/home/250897.cloudwaysapps.com/dpsnfejbmg/public_html/vendor/laravel/framework/src/Illuminate/Pipeline/Pipeline.php(171): Illuminate\\Foundation\\Http\\Middleware\\TransformsRequest->handle()
#38 /mnt/BLOCKSTORAGE/home/250897.cloudwaysapps.com/dpsnfejbmg/public_html/vendor/laravel/framework/src/Illuminate/Foundation/Http/Middleware/TransformsRequest.php(21): Illuminate\\Pipeline\\Pipeline->Illuminate\\Pipeline\\{closure}()
#39 /mnt/BLOCKSTORAGE/home/250897.cloudwaysapps.com/dpsnfejbmg/public_html/vendor/laravel/framework/src/Illuminate/Pipeline/Pipeline.php(171): Illuminate\\Foundation\\Http\\Middleware\\TransformsRequest->handle()
#40 /mnt/BLOCKSTORAGE/home/250897.cloudwaysapps.com/dpsnfejbmg/public_html/vendor/laravel/framework/src/Illuminate/Foundation/Http/Middleware/ValidatePostSize.php(27): Illuminate\\Pipeline\\Pipeline->Illuminate\\Pipeline\\{closure}()
#41 /mnt/BLOCKSTORAGE/home/250897.cloudwaysapps.com/dpsnfejbmg/public_html/vendor/laravel/framework/src/Illuminate/Pipeline/Pipeline.php(171): Illuminate\\Foundation\\Http\\Middleware\\ValidatePostSize->handle()
#42 /mnt/BLOCKSTORAGE/home/250897.cloudwaysapps.com/dpsnfejbmg/public_html/vendor/laravel/framework/src/Illuminate/Foundation/Http/Middleware/CheckForMaintenanceMode.php(62): Illuminate\\Pipeline\\Pipeline->Illuminate\\Pipeline\\{closure}()
#43 /mnt/BLOCKSTORAGE/home/250897.cloudwaysapps.com/dpsnfejbmg/public_html/vendor/laravel/framework/src/Illuminate/Pipeline/Pipeline.php(171): Illuminate\\Foundation\\Http\\Middleware\\CheckForMaintenanceMode->handle()
#44 /mnt/BLOCKSTORAGE/home/250897.cloudwaysapps.com/dpsnfejbmg/public_html/vendor/fideloper/proxy/src/TrustProxies.php(57): Illuminate\\Pipeline\\Pipeline->Illuminate\\Pipeline\\{closure}()
#45 /mnt/BLOCKSTORAGE/home/250897.cloudwaysapps.com/dpsnfejbmg/public_html/vendor/laravel/framework/src/Illuminate/Pipeline/Pipeline.php(171): Fideloper\\Proxy\\TrustProxies->handle()
#46 /mnt/BLOCKSTORAGE/home/250897.cloudwaysapps.com/dpsnfejbmg/public_html/vendor/laravel/framework/src/Illuminate/Pipeline/Pipeline.php(105): Illuminate\\Pipeline\\Pipeline->Illuminate\\Pipeline\\{closure}()
#47 /mnt/BLOCKSTORAGE/home/250897.cloudwaysapps.com/dpsnfejbmg/public_html/vendor/laravel/framework/src/Illuminate/Foundation/Http/Kernel.php(151): Illuminate\\Pipeline\\Pipeline->then()
#48 /mnt/BLOCKSTORAGE/home/250897.cloudwaysapps.com/dpsnfejbmg/public_html/vendor/laravel/framework/src/Illuminate/Foundation/Http/Kernel.php(116): Illuminate\\Foundation\\Http\\Kernel->sendRequestThroughRouter()
#49 /mnt/BLOCKSTORAGE/home/250897.cloudwaysapps.com/dpsnfejbmg/public_html/public/index.php(55): Illuminate\\Foundation\\Http\\Kernel->handle()
#50 {main}

[previous exception] [object] (PDOException(code: 1045): SQLSTATE[HY000] [1045] Access denied for user 'root'@'localhost' (using password: NO) at /mnt/BLOCKSTORAGE/home/250897.cloudwaysapps.com/dpsnfejbmg/public_html/vendor/laravel/framework/src/Illuminate/Database/Connectors/Connector.php:70)
[stacktrace]
#0 /mnt/BLOCKSTORAGE/home/250897.cloudwaysapps.com/dpsnfejbmg/public_html/vendor/laravel/framework/src/Illuminate/Database/Connectors/Connector.php(70): PDO->__construct()
#1 /mnt/BLOCKSTORAGE/home/250897.cloudwaysapps.com/dpsnfejbmg/public_html/vendor/laravel/framework/src/Illuminate/Database/Connectors/Connector.php(46): Illuminate\\Database\\Connectors\\Connector->createPdoConnection()
#2 /mnt/BLOCKSTORAGE/home/250897.cloudwaysapps.com/dpsnfejbmg/public_html/vendor/laravel/framework/src/Illuminate/Database/Connectors/MySqlConnector.php(24): Illuminate\\Database\\Connectors\\Connector->createConnection()
#3 /mnt/BLOCKSTORAGE/home/250897.cloudwaysapps.com/dpsnfejbmg/public_html/vendor/laravel/framework/src/Illuminate/Database/Connectors/ConnectionFactory.php(182): Illuminate\\Database\\Connectors\\MySqlConnector->connect()
#4 [internal function]: Illuminate\\Database\\Connectors\\ConnectionFactory->Illuminate\\Database\\Connectors\\{closure}()
#5 /mnt/BLOCKSTORAGE/home/250897.cloudwaysapps.com/dpsnfejbmg/public_html/vendor/laravel/framework/src/Illuminate/Database/Connection.php(920): call_user_func()
#6 /mnt/BLOCKSTORAGE/home/250897.cloudwaysapps.com/dpsnfejbmg/public_html/vendor/laravel/framework/src/Illuminate/Database/Connection.php(945): Illuminate\\Database\\Connection->getPdo()
#7 /mnt/BLOCKSTORAGE/home/250897.cloudwaysapps.com/dpsnfejbmg/public_html/vendor/laravel/framework/src/Illuminate/Database/Connection.php(400): Illuminate\\Database\\Connection->getReadPdo()
#8 /mnt/BLOCKSTORAGE/home/250897.cloudwaysapps.com/dpsnfejbmg/public_html/vendor/laravel/framework/src/Illuminate/Database/Connection.php(326): Illuminate\\Database\\Connection->getPdoForSelect()
#9 /mnt/BLOCKSTORAGE/home/250897.cloudwaysapps.com/dpsnfejbmg/public_html/vendor/laravel/framework/src/Illuminate/Database/Connection.php(658): Illuminate\\Database\\Connection->Illuminate\\Database\\{closure}()
#10 /mnt/BLOCKSTORAGE/home/250897.cloudwaysapps.com/dpsnfejbmg/public_html/vendor/laravel/framework/src/Illuminate/Database/Connection.php(625): Illuminate\\Database\\Connection->runQueryCallback()
#11 /mnt/BLOCKSTORAGE/home/250897.cloudwaysapps.com/dpsnfejbmg/public_html/vendor/laravel/framework/src/Illuminate/Database/Connection.php(334): Illuminate\\Database\\Connection->run()
#12 /mnt/BLOCKSTORAGE/home/250897.cloudwaysapps.com/dpsnfejbmg/public_html/vendor/laravel/framework/src/Illuminate/Database/Query/Builder.php(2140): Illuminate\\Database\\Connection->select()
#13 /mnt/BLOCKSTORAGE/home/250897.cloudwaysapps.com/dpsnfejbmg/public_html/vendor/laravel/framework/src/Illuminate/Database/Query/Builder.php(2128): Illuminate\\Database\\Query\\Builder->runSelect()
#14 /mnt/BLOCKSTORAGE/home/250897.cloudwaysapps.com/dpsnfejbmg/public_html/vendor/laravel/framework/src/Illuminate/Database/Query/Builder.php(2572): Illuminate\\Database\\Query\\Builder->Illuminate\\Database\\Query\\{closure}()
#15 /mnt/BLOCKSTORAGE/home/250897.cloudwaysapps.com/dpsnfejbmg/public_html/vendor/laravel/framework/src/Illuminate/Database/Query/Builder.php(2129): Illuminate\\Database\\Query\\Builder->onceWithColumns()
#16 /mnt/BLOCKSTORAGE/home/250897.cloudwaysapps.com/dpsnfejbmg/public_html/vendor/laravel/framework/src/Illuminate/Database/Eloquent/Builder.php(521): Illuminate\\Database\\Query\\Builder->get()
#17 /mnt/BLOCKSTORAGE/home/250897.cloudwaysapps.com/dpsnfejbmg/public_html/vendor/laravel/framework/src/Illuminate/Database/Eloquent/Builder.php(505): Illuminate\\Database\\Eloquent\\Builder->getModels()
#18 /mnt/BLOCKSTORAGE/home/250897.cloudwaysapps.com/dpsnfejbmg/public_html/vendor/laravel/framework/src/Illuminate/Database/Concerns/BuildsQueries.php(143): Illuminate\\Database\\Eloquent\\Builder->get()
#19 /mnt/BLOCKSTORAGE/home/250897.cloudwaysapps.com/dpsnfejbmg/public_html/vendor/laravel/framework/src/Illuminate/Auth/EloquentUserProvider.php(68): Illuminate\\Database\\Eloquent\\Builder->first()
#20 /mnt/BLOCKSTORAGE/home/250897.cloudwaysapps.com/dpsnfejbmg/public_html/vendor/laravel/framework/src/Illuminate/Auth/SessionGuard.php(169): Illuminate\\Auth\\EloquentUserProvider->retrieveByToken()
#21 /mnt/BLOCKSTORAGE/home/250897.cloudwaysapps.com/dpsnfejbmg/public_html/vendor/laravel/framework/src/Illuminate/Auth/SessionGuard.php(139): Illuminate\\Auth\\SessionGuard->userFromRecaller()
#22 /mnt/BLOCKSTORAGE/home/250897.cloudwaysapps.com/dpsnfejbmg/public_html/vendor/laravel/framework/src/Illuminate/Auth/GuardHelpers.php(60): Illuminate\\Auth\\SessionGuard->user()
#23 /mnt/BLOCKSTORAGE/home/250897.cloudwaysapps.com/dpsnfejbmg/public_html/vendor/laravel/framework/src/Illuminate/Auth/AuthManager.php(307): Illuminate\\Auth\\SessionGuard->check()
#24 /mnt/BLOCKSTORAGE/home/250897.cloudwaysapps.com/dpsnfejbmg/public_html/vendor/laravel/framework/src/Illuminate/Support/Facades/Facade.php(239): Illuminate\\Auth\\AuthManager->__call()
#25 /mnt/BLOCKSTORAGE/home/250897.cloudwaysapps.com/dpsnfejbmg/public_html/app/Http/Middleware/Admin.php(18): Illuminate\\Support\\Facades\\Facade::__callStatic()
#26 /mnt/BLOCKSTORAGE/home/250897.cloudwaysapps.com/dpsnfejbmg/public_html/vendor/laravel/framework/src/Illuminate/Pipeline/Pipeline.php(171): App\\Http\\Middleware\\Admin->handle()
#27 /mnt/BLOCKSTORAGE/home/250897.cloudwaysapps.com/dpsnfejbmg/public_html/vendor/laravel/framework/src/Illuminate/Routing/Middleware/SubstituteBindings.php(41): Illuminate\\Pipeline\\Pipeline->Illuminate\\Pipeline\\{closure}()
#28 /mnt/BLOCKSTORAGE/home/250897.cloudwaysapps.com/dpsnfejbmg/public_html/vendor/laravel/framework/src/Illuminate/Pipeline/Pipeline.php(171): Illuminate\\Routing\\Middleware\\SubstituteBindings->handle()
#29 /mnt/BLOCKSTORAGE/home/250897.cloudwaysapps.com/dpsnfejbmg/public_html/vendor/laravel/framework/src/Illuminate/Foundation/Http/Middleware/VerifyCsrfToken.php(76): Illuminate\\Pipeline\\Pipeline->Illuminate\\Pipeline\\{closure}()
#30 /mnt/BLOCKSTORAGE/home/250897.cloudwaysapps.com/dpsnfejbmg/public_html/vendor/laravel/framework/src/Illuminate/Pipeline/Pipeline.php(171): Illuminate\\Foundation\\Http\\Middleware\\VerifyCsrfToken->handle()
#31 /mnt/BLOCKSTORAGE/home/250897.cloudwaysapps.com/dpsnfejbmg/public_html/vendor/laravel/framework/src/Illuminate/View/Middleware/ShareErrorsFromSession.php(49): Illuminate\\Pipeline\\Pipeline->Illuminate\\Pipeline\\{closure}()
#32 /mnt/BLOCKSTORAGE/home/250897.cloudwaysapps.com/dpsnfejbmg/public_html/vendor/laravel/framework/src/Illuminate/Pipeline/Pipeline.php(171): Illuminate\\View\\Middleware\\ShareErrorsFromSession->handle()
#33 /mnt/BLOCKSTORAGE/home/250897.cloudwaysapps.com/dpsnfejbmg/public_html/vendor/laravel/framework/src/Illuminate/Session/Middleware/StartSession.php(56): Illuminate\\Pipeline\\Pipeline->Illuminate\\Pipeline\\{closure}()
#34 /mnt/BLOCKSTORAGE/home/250897.cloudwaysapps.com/dpsnfejbmg/public_html/vendor/laravel/framework/src/Illuminate/Pipeline/Pipeline.php(171): Illuminate\\Session\\Middleware\\StartSession->handle()
#35 /mnt/BLOCKSTORAGE/home/250897.cloudwaysapps.com/dpsnfejbmg/public_html/vendor/laravel/framework/src/Illuminate/Cookie/Middleware/AddQueuedCookiesToResponse.php(37): Illuminate\\Pipeline\\Pipeline->Illuminate\\Pipeline\\{closure}()
#36 /mnt/BLOCKSTORAGE/home/250897.cloudwaysapps.com/dpsnfejbmg/public_html/vendor/laravel/framework/src/Illuminate/Pipeline/Pipeline.php(171): Illuminate\\Cookie\\Middleware\\AddQueuedCookiesToResponse->handle()
#37 /mnt/BLOCKSTORAGE/home/250897.cloudwaysapps.com/dpsnfejbmg/public_html/vendor/laravel/framework/src/Illuminate/Cookie/Middleware/EncryptCookies.php(66): Illuminate\\Pipeline\\Pipeline->Illuminate\\Pipeline\\{closure}()
#38 /mnt/BLOCKSTORAGE/home/250897.cloudwaysapps.com/dpsnfejbmg/public_html/vendor/laravel/framework/src/Illuminate/Pipeline/Pipeline.php(171): Illuminate\\Cookie\\Middleware\\EncryptCookies->handle()
#39 /mnt/BLOCKSTORAGE/home/250897.cloudwaysapps.com/dpsnfejbmg/public_html/vendor/laravel/framework/src/Illuminate/Pipeline/Pipeline.php(105): Illuminate\\Pipeline\\Pipeline->Illuminate\\Pipeline\\{closure}()
#40 /mnt/BLOCKSTORAGE/home/250897.cloudwaysapps.com/dpsnfejbmg/public_html/vendor/laravel/framework/src/Illuminate/Routing/Router.php(682): Illuminate\\Pipeline\\Pipeline->then()
#41 /mnt/BLOCKSTORAGE/home/250897.cloudwaysapps.com/dpsnfejbmg/public_html/vendor/laravel/framework/src/Illuminate/Routing/Router.php(657): Illuminate\\Routing\\Router->runRouteWithinStack()
#42 /mnt/BLOCKSTORAGE/home/250897.cloudwaysapps.com/dpsnfejbmg/public_html/vendor/laravel/framework/src/Illuminate/Routing/Router.php(623): Illuminate\\Routing\\Router->runRoute()
#43 /mnt/BLOCKSTORAGE/home/250897.cloudwaysapps.com/dpsnfejbmg/public_html/vendor/laravel/framework/src/Illuminate/Routing/Router.php(612): Illuminate\\Routing\\Router->dispatchToRoute()
#44 /mnt/BLOCKSTORAGE/home/250897.cloudwaysapps.com/dpsnfejbmg/public_html/vendor/laravel/framework/src/Illuminate/Foundation/Http/Kernel.php(176): Illuminate\\Routing\\Router->dispatch()
#45 /mnt/BLOCKSTORAGE/home/250897.cloudwaysapps.com/dpsnfejbmg/public_html/vendor/laravel/framework/src/Illuminate/Pipeline/Pipeline.php(130): Illuminate\\Foundation\\Http\\Kernel->Illuminate\\Foundation\\Http\\{closure}()
#46 /mnt/BLOCKSTORAGE/home/250897.cloudwaysapps.com/dpsnfejbmg/public_html/vendor/laravel/framework/src/Illuminate/Foundation/Http/Middleware/TransformsRequest.php(21): Illuminate\\Pipeline\\Pipeline->Illuminate\\Pipeline\\{closure}()
#47 /mnt/BLOCKSTORAGE/home/250897.cloudwaysapps.com/dpsnfejbmg/public_html/vendor/laravel/framework/src/Illuminate/Pipeline/Pipeline.php(171): Illuminate\\Foundation\\Http\\Middleware\\TransformsRequest->handle()
#48 /mnt/BLOCKSTORAGE/home/250897.cloudwaysapps.com/dpsnfejbmg/public_html/vendor/laravel/framework/src/Illuminate/Foundation/Http/Middleware/TransformsRequest.php(21): Illuminate\\Pipeline\\Pipeline->Illuminate\\Pipeline\\{closure}()
#49 /mnt/BLOCKSTORAGE/home/250897.cloudwaysapps.com/dpsnfejbmg/public_html/vendor/laravel/framework/src/Illuminate/Pipeline/Pipeline.php(171): Illuminate\\Foundation\\Http\\Middleware\\TransformsRequest->handle()
#50 /mnt/BLOCKSTORAGE/home/250897.cloudwaysapps.com/dpsnfejbmg/public_html/vendor/laravel/framework/src/Illuminate/Foundation/Http/Middleware/ValidatePostSize.php(27): Illuminate\\Pipeline\\Pipeline->Illuminate\\Pipeline\\{closure}()
#51 /mnt/BLOCKSTORAGE/home/250897.cloudwaysapps.com/dpsnfejbmg/public_html/vendor/laravel/framework/src/Illuminate/Pipeline/Pipeline.php(171): Illuminate\\Foundation\\Http\\Middleware\\ValidatePostSize->handle()
#52 /mnt/BLOCKSTORAGE/home/250897.cloudwaysapps.com/dpsnfejbmg/public_html/vendor/laravel/framework/src/Illuminate/Foundation/Http/Middleware/CheckForMaintenanceMode.php(62): Illuminate\\Pipeline\\Pipeline->Illuminate\\Pipeline\\{closure}()
#53 /mnt/BLOCKSTORAGE/home/250897.cloudwaysapps.com/dpsnfejbmg/public_html/vendor/laravel/framework/src/Illuminate/Pipeline/Pipeline.php(171): Illuminate\\Foundation\\Http\\Middleware\\CheckForMaintenanceMode->handle()
#54 /mnt/BLOCKSTORAGE/home/250897.cloudwaysapps.com/dpsnfejbmg/public_html/vendor/fideloper/proxy/src/TrustProxies.php(57): Illuminate\\Pipeline\\Pipeline->Illuminate\\Pipeline\\{closure}()
#55 /mnt/BLOCKSTORAGE/home/250897.cloudwaysapps.com/dpsnfejbmg/public_html/vendor/laravel/framework/src/Illuminate/Pipeline/Pipeline.php(171): Fideloper\\Proxy\\TrustProxies->handle()
#56 /mnt/BLOCKSTORAGE/home/250897.cloudwaysapps.com/dpsnfejbmg/public_html/vendor/laravel/framework/src/Illuminate/Pipeline/Pipeline.php(105): Illuminate\\Pipeline\\Pipeline->Illuminate\\Pipeline\\{closure}()
#57 /mnt/BLOCKSTORAGE/home/250897.cloudwaysapps.com/dpsnfejbmg/public_html/vendor/laravel/framework/src/Illuminate/Foundation/Http/Kernel.php(151): Illuminate\\Pipeline\\Pipeline->then()
#58 /mnt/BLOCKSTORAGE/home/250897.cloudwaysapps.com/dpsnfejbmg/public_html/vendor/laravel/framework/src/Illuminate/Foundation/Http/Kernel.php(116): Illuminate\\Foundation\\Http\\Kernel->sendRequestThroughRouter()
#59 /mnt/BLOCKSTORAGE/home/250897.cloudwaysapps.com/dpsnfejbmg/public_html/public/index.php(55): Illuminate\\Foundation\\Http\\Kernel->handle()
#60 {main}
"} 
[2021-05-20 17:06:17] local.ERROR: file_put_contents(D:\poznic\storage\framework/sessions/VqRlDCGHMNMDDjNV2kWVqFdXwbPhRiCJy58nltSx): failed to open stream: No such file or directory {"exception":"[object] (ErrorException(code: 0): file_put_contents(D:\\poznic\\storage\\framework/sessions/VqRlDCGHMNMDDjNV2kWVqFdXwbPhRiCJy58nltSx): failed to open stream: No such file or directory at /mnt/BLOCKSTORAGE/home/250897.cloudwaysapps.com/dpsnfejbmg/public_html/vendor/laravel/framework/src/Illuminate/Filesystem/Filesystem.php:122)
[stacktrace]
#0 [internal function]: Illuminate\\Foundation\\Bootstrap\\HandleExceptions->handleError()
#1 /mnt/BLOCKSTORAGE/home/250897.cloudwaysapps.com/dpsnfejbmg/public_html/vendor/laravel/framework/src/Illuminate/Filesystem/Filesystem.php(122): file_put_contents()
#2 /mnt/BLOCKSTORAGE/home/250897.cloudwaysapps.com/dpsnfejbmg/public_html/vendor/laravel/framework/src/Illuminate/Session/FileSessionHandler.php(83): Illuminate\\Filesystem\\Filesystem->put()
#3 /mnt/BLOCKSTORAGE/home/250897.cloudwaysapps.com/dpsnfejbmg/public_html/vendor/laravel/framework/src/Illuminate/Session/Store.php(129): Illuminate\\Session\\FileSessionHandler->write()
#4 /mnt/BLOCKSTORAGE/home/250897.cloudwaysapps.com/dpsnfejbmg/public_html/vendor/laravel/framework/src/Illuminate/Session/Middleware/StartSession.php(170): Illuminate\\Session\\Store->save()
#5 /mnt/BLOCKSTORAGE/home/250897.cloudwaysapps.com/dpsnfejbmg/public_html/vendor/laravel/framework/src/Illuminate/Session/Middleware/StartSession.php(65): Illuminate\\Session\\Middleware\\StartSession->saveSession()
#6 /mnt/BLOCKSTORAGE/home/250897.cloudwaysapps.com/dpsnfejbmg/public_html/vendor/laravel/framework/src/Illuminate/Pipeline/Pipeline.php(171): Illuminate\\Session\\Middleware\\StartSession->handle()
#7 /mnt/BLOCKSTORAGE/home/250897.cloudwaysapps.com/dpsnfejbmg/public_html/vendor/laravel/framework/src/Illuminate/Cookie/Middleware/AddQueuedCookiesToResponse.php(37): Illuminate\\Pipeline\\Pipeline->Illuminate\\Pipeline\\{closure}()
#8 /mnt/BLOCKSTORAGE/home/250897.cloudwaysapps.com/dpsnfejbmg/public_html/vendor/laravel/framework/src/Illuminate/Pipeline/Pipeline.php(171): Illuminate\\Cookie\\Middleware\\AddQueuedCookiesToResponse->handle()
#9 /mnt/BLOCKSTORAGE/home/250897.cloudwaysapps.com/dpsnfejbmg/public_html/vendor/laravel/framework/src/Illuminate/Cookie/Middleware/EncryptCookies.php(66): Illuminate\\Pipeline\\Pipeline->Illuminate\\Pipeline\\{closure}()
#10 /mnt/BLOCKSTORAGE/home/250897.cloudwaysapps.com/dpsnfejbmg/public_html/vendor/laravel/framework/src/Illuminate/Pipeline/Pipeline.php(171): Illuminate\\Cookie\\Middleware\\EncryptCookies->handle()
#11 /mnt/BLOCKSTORAGE/home/250897.cloudwaysapps.com/dpsnfejbmg/public_html/vendor/laravel/framework/src/Illuminate/Pipeline/Pipeline.php(105): Illuminate\\Pipeline\\Pipeline->Illuminate\\Pipeline\\{closure}()
#12 /mnt/BLOCKSTORAGE/home/250897.cloudwaysapps.com/dpsnfejbmg/public_html/vendor/laravel/framework/src/Illuminate/Routing/Router.php(682): Illuminate\\Pipeline\\Pipeline->then()
#13 /mnt/BLOCKSTORAGE/home/250897.cloudwaysapps.com/dpsnfejbmg/public_html/vendor/laravel/framework/src/Illuminate/Routing/Router.php(657): Illuminate\\Routing\\Router->runRouteWithinStack()
#14 /mnt/BLOCKSTORAGE/home/250897.cloudwaysapps.com/dpsnfejbmg/public_html/vendor/laravel/framework/src/Illuminate/Routing/Router.php(623): Illuminate\\Routing\\Router->runRoute()
#15 /mnt/BLOCKSTORAGE/home/250897.cloudwaysapps.com/dpsnfejbmg/public_html/vendor/laravel/framework/src/Illuminate/Routing/Router.php(612): Illuminate\\Routing\\Router->dispatchToRoute()
#16 /mnt/BLOCKSTORAGE/home/250897.cloudwaysapps.com/dpsnfejbmg/public_html/vendor/laravel/framework/src/Illuminate/Foundation/Http/Kernel.php(176): Illuminate\\Routing\\Router->dispatch()
#17 /mnt/BLOCKSTORAGE/home/250897.cloudwaysapps.com/dpsnfejbmg/public_html/vendor/laravel/framework/src/Illuminate/Pipeline/Pipeline.php(130): Illuminate\\Foundation\\Http\\Kernel->Illuminate\\Foundation\\Http\\{closure}()
#18 /mnt/BLOCKSTORAGE/home/250897.cloudwaysapps.com/dpsnfejbmg/public_html/vendor/laravel/framework/src/Illuminate/Foundation/Http/Middleware/TransformsRequest.php(21): Illuminate\\Pipeline\\Pipeline->Illuminate\\Pipeline\\{closure}()
#19 /mnt/BLOCKSTORAGE/home/250897.cloudwaysapps.com/dpsnfejbmg/public_html/vendor/laravel/framework/src/Illuminate/Pipeline/Pipeline.php(171): Illuminate\\Foundation\\Http\\Middleware\\TransformsRequest->handle()
#20 /mnt/BLOCKSTORAGE/home/250897.cloudwaysapps.com/dpsnfejbmg/public_html/vendor/laravel/framework/src/Illuminate/Foundation/Http/Middleware/TransformsRequest.php(21): Illuminate\\Pipeline\\Pipeline->Illuminate\\Pipeline\\{closure}()
#21 /mnt/BLOCKSTORAGE/home/250897.cloudwaysapps.com/dpsnfejbmg/public_html/vendor/laravel/framework/src/Illuminate/Pipeline/Pipeline.php(171): Illuminate\\Foundation\\Http\\Middleware\\TransformsRequest->handle()
#22 /mnt/BLOCKSTORAGE/home/250897.cloudwaysapps.com/dpsnfejbmg/public_html/vendor/laravel/framework/src/Illuminate/Foundation/Http/Middleware/ValidatePostSize.php(27): Illuminate\\Pipeline\\Pipeline->Illuminate\\Pipeline\\{closure}()
#23 /mnt/BLOCKSTORAGE/home/250897.cloudwaysapps.com/dpsnfejbmg/public_html/vendor/laravel/framework/src/Illuminate/Pipeline/Pipeline.php(171): Illuminate\\Foundation\\Http\\Middleware\\ValidatePostSize->handle()
#24 /mnt/BLOCKSTORAGE/home/250897.cloudwaysapps.com/dpsnfejbmg/public_html/vendor/laravel/framework/src/Illuminate/Foundation/Http/Middleware/CheckForMaintenanceMode.php(62): Illuminate\\Pipeline\\Pipeline->Illuminate\\Pipeline\\{closure}()
#25 /mnt/BLOCKSTORAGE/home/250897.cloudwaysapps.com/dpsnfejbmg/public_html/vendor/laravel/framework/src/Illuminate/Pipeline/Pipeline.php(171): Illuminate\\Foundation\\Http\\Middleware\\CheckForMaintenanceMode->handle()
#26 /mnt/BLOCKSTORAGE/home/250897.cloudwaysapps.com/dpsnfejbmg/public_html/vendor/fideloper/proxy/src/TrustProxies.php(57): Illuminate\\Pipeline\\Pipeline->Illuminate\\Pipeline\\{closure}()
#27 /mnt/BLOCKSTORAGE/home/250897.cloudwaysapps.com/dpsnfejbmg/public_html/vendor/laravel/framework/src/Illuminate/Pipeline/Pipeline.php(171): Fideloper\\Proxy\\TrustProxies->handle()
#28 /mnt/BLOCKSTORAGE/home/250897.cloudwaysapps.com/dpsnfejbmg/public_html/vendor/laravel/framework/src/Illuminate/Pipeline/Pipeline.php(105): Illuminate\\Pipeline\\Pipeline->Illuminate\\Pipeline\\{closure}()
#29 /mnt/BLOCKSTORAGE/home/250897.cloudwaysapps.com/dpsnfejbmg/public_html/vendor/laravel/framework/src/Illuminate/Foundation/Http/Kernel.php(151): Illuminate\\Pipeline\\Pipeline->then()
#30 /mnt/BLOCKSTORAGE/home/250897.cloudwaysapps.com/dpsnfejbmg/public_html/vendor/laravel/framework/src/Illuminate/Foundation/Http/Kernel.php(116): Illuminate\\Foundation\\Http\\Kernel->sendRequestThroughRouter()
#31 /mnt/BLOCKSTORAGE/home/250897.cloudwaysapps.com/dpsnfejbmg/public_html/public/index.php(55): Illuminate\\Foundation\\Http\\Kernel->handle()
#32 {main}
"} 
[2021-05-20 17:07:21] local.ERROR: file_put_contents(D:\poznic\storage\framework/sessions/hT8RkL8BtgSvtWg8ckYADFIasrTHSkwEJGZhFitd): failed to open stream: No such file or directory {"exception":"[object] (ErrorException(code: 0): file_put_contents(D:\\poznic\\storage\\framework/sessions/hT8RkL8BtgSvtWg8ckYADFIasrTHSkwEJGZhFitd): failed to open stream: No such file or directory at /mnt/BLOCKSTORAGE/home/250897.cloudwaysapps.com/dpsnfejbmg/public_html/vendor/laravel/framework/src/Illuminate/Filesystem/Filesystem.php:122)
[stacktrace]
#0 [internal function]: Illuminate\\Foundation\\Bootstrap\\HandleExceptions->handleError()
#1 /mnt/BLOCKSTORAGE/home/250897.cloudwaysapps.com/dpsnfejbmg/public_html/vendor/laravel/framework/src/Illuminate/Filesystem/Filesystem.php(122): file_put_contents()
#2 /mnt/BLOCKSTORAGE/home/250897.cloudwaysapps.com/dpsnfejbmg/public_html/vendor/laravel/framework/src/Illuminate/Session/FileSessionHandler.php(83): Illuminate\\Filesystem\\Filesystem->put()
#3 /mnt/BLOCKSTORAGE/home/250897.cloudwaysapps.com/dpsnfejbmg/public_html/vendor/laravel/framework/src/Illuminate/Session/Store.php(129): Illuminate\\Session\\FileSessionHandler->write()
#4 /mnt/BLOCKSTORAGE/home/250897.cloudwaysapps.com/dpsnfejbmg/public_html/vendor/laravel/framework/src/Illuminate/Session/Middleware/StartSession.php(170): Illuminate\\Session\\Store->save()
#5 /mnt/BLOCKSTORAGE/home/250897.cloudwaysapps.com/dpsnfejbmg/public_html/vendor/laravel/framework/src/Illuminate/Session/Middleware/StartSession.php(65): Illuminate\\Session\\Middleware\\StartSession->saveSession()
#6 /mnt/BLOCKSTORAGE/home/250897.cloudwaysapps.com/dpsnfejbmg/public_html/vendor/laravel/framework/src/Illuminate/Pipeline/Pipeline.php(171): Illuminate\\Session\\Middleware\\StartSession->handle()
#7 /mnt/BLOCKSTORAGE/home/250897.cloudwaysapps.com/dpsnfejbmg/public_html/vendor/laravel/framework/src/Illuminate/Cookie/Middleware/AddQueuedCookiesToResponse.php(37): Illuminate\\Pipeline\\Pipeline->Illuminate\\Pipeline\\{closure}()
#8 /mnt/BLOCKSTORAGE/home/250897.cloudwaysapps.com/dpsnfejbmg/public_html/vendor/laravel/framework/src/Illuminate/Pipeline/Pipeline.php(171): Illuminate\\Cookie\\Middleware\\AddQueuedCookiesToResponse->handle()
#9 /mnt/BLOCKSTORAGE/home/250897.cloudwaysapps.com/dpsnfejbmg/public_html/vendor/laravel/framework/src/Illuminate/Cookie/Middleware/EncryptCookies.php(66): Illuminate\\Pipeline\\Pipeline->Illuminate\\Pipeline\\{closure}()
#10 /mnt/BLOCKSTORAGE/home/250897.cloudwaysapps.com/dpsnfejbmg/public_html/vendor/laravel/framework/src/Illuminate/Pipeline/Pipeline.php(171): Illuminate\\Cookie\\Middleware\\EncryptCookies->handle()
#11 /mnt/BLOCKSTORAGE/home/250897.cloudwaysapps.com/dpsnfejbmg/public_html/vendor/laravel/framework/src/Illuminate/Pipeline/Pipeline.php(105): Illuminate\\Pipeline\\Pipeline->Illuminate\\Pipeline\\{closure}()
#12 /mnt/BLOCKSTORAGE/home/250897.cloudwaysapps.com/dpsnfejbmg/public_html/vendor/laravel/framework/src/Illuminate/Routing/Router.php(682): Illuminate\\Pipeline\\Pipeline->then()
#13 /mnt/BLOCKSTORAGE/home/250897.cloudwaysapps.com/dpsnfejbmg/public_html/vendor/laravel/framework/src/Illuminate/Routing/Router.php(657): Illuminate\\Routing\\Router->runRouteWithinStack()
#14 /mnt/BLOCKSTORAGE/home/250897.cloudwaysapps.com/dpsnfejbmg/public_html/vendor/laravel/framework/src/Illuminate/Routing/Router.php(623): Illuminate\\Routing\\Router->runRoute()
#15 /mnt/BLOCKSTORAGE/home/250897.cloudwaysapps.com/dpsnfejbmg/public_html/vendor/laravel/framework/src/Illuminate/Routing/Router.php(612): Illuminate\\Routing\\Router->dispatchToRoute()
#16 /mnt/BLOCKSTORAGE/home/250897.cloudwaysapps.com/dpsnfejbmg/public_html/vendor/laravel/framework/src/Illuminate/Foundation/Http/Kernel.php(176): Illuminate\\Routing\\Router->dispatch()
#17 /mnt/BLOCKSTORAGE/home/250897.cloudwaysapps.com/dpsnfejbmg/public_html/vendor/laravel/framework/src/Illuminate/Pipeline/Pipeline.php(130): Illuminate\\Foundation\\Http\\Kernel->Illuminate\\Foundation\\Http\\{closure}()
#18 /mnt/BLOCKSTORAGE/home/250897.cloudwaysapps.com/dpsnfejbmg/public_html/vendor/laravel/framework/src/Illuminate/Foundation/Http/Middleware/TransformsRequest.php(21): Illuminate\\Pipeline\\Pipeline->Illuminate\\Pipeline\\{closure}()
#19 /mnt/BLOCKSTORAGE/home/250897.cloudwaysapps.com/dpsnfejbmg/public_html/vendor/laravel/framework/src/Illuminate/Pipeline/Pipeline.php(171): Illuminate\\Foundation\\Http\\Middleware\\TransformsRequest->handle()
#20 /mnt/BLOCKSTORAGE/home/250897.cloudwaysapps.com/dpsnfejbmg/public_html/vendor/laravel/framework/src/Illuminate/Foundation/Http/Middleware/TransformsRequest.php(21): Illuminate\\Pipeline\\Pipeline->Illuminate\\Pipeline\\{closure}()
#21 /mnt/BLOCKSTORAGE/home/250897.cloudwaysapps.com/dpsnfejbmg/public_html/vendor/laravel/framework/src/Illuminate/Pipeline/Pipeline.php(171): Illuminate\\Foundation\\Http\\Middleware\\TransformsRequest->handle()
#22 /mnt/BLOCKSTORAGE/home/250897.cloudwaysapps.com/dpsnfejbmg/public_html/vendor/laravel/framework/src/Illuminate/Foundation/Http/Middleware/ValidatePostSize.php(27): Illuminate\\Pipeline\\Pipeline->Illuminate\\Pipeline\\{closure}()
#23 /mnt/BLOCKSTORAGE/home/250897.cloudwaysapps.com/dpsnfejbmg/public_html/vendor/laravel/framework/src/Illuminate/Pipeline/Pipeline.php(171): Illuminate\\Foundation\\Http\\Middleware\\ValidatePostSize->handle()
#24 /mnt/BLOCKSTORAGE/home/250897.cloudwaysapps.com/dpsnfejbmg/public_html/vendor/laravel/framework/src/Illuminate/Foundation/Http/Middleware/CheckForMaintenanceMode.php(62): Illuminate\\Pipeline\\Pipeline->Illuminate\\Pipeline\\{closure}()
#25 /mnt/BLOCKSTORAGE/home/250897.cloudwaysapps.com/dpsnfejbmg/public_html/vendor/laravel/framework/src/Illuminate/Pipeline/Pipeline.php(171): Illuminate\\Foundation\\Http\\Middleware\\CheckForMaintenanceMode->handle()
#26 /mnt/BLOCKSTORAGE/home/250897.cloudwaysapps.com/dpsnfejbmg/public_html/vendor/fideloper/proxy/src/TrustProxies.php(57): Illuminate\\Pipeline\\Pipeline->Illuminate\\Pipeline\\{closure}()
#27 /mnt/BLOCKSTORAGE/home/250897.cloudwaysapps.com/dpsnfejbmg/public_html/vendor/laravel/framework/src/Illuminate/Pipeline/Pipeline.php(171): Fideloper\\Proxy\\TrustProxies->handle()
#28 /mnt/BLOCKSTORAGE/home/250897.cloudwaysapps.com/dpsnfejbmg/public_html/vendor/laravel/framework/src/Illuminate/Pipeline/Pipeline.php(105): Illuminate\\Pipeline\\Pipeline->Illuminate\\Pipeline\\{closure}()
#29 /mnt/BLOCKSTORAGE/home/250897.cloudwaysapps.com/dpsnfejbmg/public_html/vendor/laravel/framework/src/Illuminate/Foundation/Http/Kernel.php(151): Illuminate\\Pipeline\\Pipeline->then()
#30 /mnt/BLOCKSTORAGE/home/250897.cloudwaysapps.com/dpsnfejbmg/public_html/vendor/laravel/framework/src/Illuminate/Foundation/Http/Kernel.php(116): Illuminate\\Foundation\\Http\\Kernel->sendRequestThroughRouter()
#31 /mnt/BLOCKSTORAGE/home/250897.cloudwaysapps.com/dpsnfejbmg/public_html/public/index.php(55): Illuminate\\Foundation\\Http\\Kernel->handle()
#32 {main}
"} 
[2021-05-20 17:07:52] local.ERROR: SQLSTATE[HY000] [1045] Access denied for user 'root'@'localhost' (using password: NO) (SQL: select * from `users` where `id` = 1 limit 1) {"exception":"[object] (Illuminate\\Database\\QueryException(code: 1045): SQLSTATE[HY000] [1045] Access denied for user 'root'@'localhost' (using password: NO) (SQL: select * from `users` where `id` = 1 limit 1) at /mnt/BLOCKSTORAGE/home/250897.cloudwaysapps.com/dpsnfejbmg/public_html/vendor/laravel/framework/src/Illuminate/Database/Connection.php:665)
[stacktrace]
#0 /mnt/BLOCKSTORAGE/home/250897.cloudwaysapps.com/dpsnfejbmg/public_html/vendor/laravel/framework/src/Illuminate/Database/Connection.php(625): Illuminate\\Database\\Connection->runQueryCallback()
#1 /mnt/BLOCKSTORAGE/home/250897.cloudwaysapps.com/dpsnfejbmg/public_html/vendor/laravel/framework/src/Illuminate/Database/Connection.php(334): Illuminate\\Database\\Connection->run()
#2 /mnt/BLOCKSTORAGE/home/250897.cloudwaysapps.com/dpsnfejbmg/public_html/vendor/laravel/framework/src/Illuminate/Database/Query/Builder.php(2140): Illuminate\\Database\\Connection->select()
#3 /mnt/BLOCKSTORAGE/home/250897.cloudwaysapps.com/dpsnfejbmg/public_html/vendor/laravel/framework/src/Illuminate/Database/Query/Builder.php(2128): Illuminate\\Database\\Query\\Builder->runSelect()
#4 /mnt/BLOCKSTORAGE/home/250897.cloudwaysapps.com/dpsnfejbmg/public_html/vendor/laravel/framework/src/Illuminate/Database/Query/Builder.php(2572): Illuminate\\Database\\Query\\Builder->Illuminate\\Database\\Query\\{closure}()
#5 /mnt/BLOCKSTORAGE/home/250897.cloudwaysapps.com/dpsnfejbmg/public_html/vendor/laravel/framework/src/Illuminate/Database/Query/Builder.php(2129): Illuminate\\Database\\Query\\Builder->onceWithColumns()
#6 /mnt/BLOCKSTORAGE/home/250897.cloudwaysapps.com/dpsnfejbmg/public_html/vendor/laravel/framework/src/Illuminate/Database/Eloquent/Builder.php(521): Illuminate\\Database\\Query\\Builder->get()
#7 /mnt/BLOCKSTORAGE/home/250897.cloudwaysapps.com/dpsnfejbmg/public_html/vendor/laravel/framework/src/Illuminate/Database/Eloquent/Builder.php(505): Illuminate\\Database\\Eloquent\\Builder->getModels()
#8 /mnt/BLOCKSTORAGE/home/250897.cloudwaysapps.com/dpsnfejbmg/public_html/vendor/laravel/framework/src/Illuminate/Database/Concerns/BuildsQueries.php(143): Illuminate\\Database\\Eloquent\\Builder->get()
#9 /mnt/BLOCKSTORAGE/home/250897.cloudwaysapps.com/dpsnfejbmg/public_html/vendor/laravel/framework/src/Illuminate/Auth/EloquentUserProvider.php(68): Illuminate\\Database\\Eloquent\\Builder->first()
#10 /mnt/BLOCKSTORAGE/home/250897.cloudwaysapps.com/dpsnfejbmg/public_html/vendor/laravel/framework/src/Illuminate/Auth/SessionGuard.php(169): Illuminate\\Auth\\EloquentUserProvider->retrieveByToken()
#11 /mnt/BLOCKSTORAGE/home/250897.cloudwaysapps.com/dpsnfejbmg/public_html/vendor/laravel/framework/src/Illuminate/Auth/SessionGuard.php(139): Illuminate\\Auth\\SessionGuard->userFromRecaller()
#12 /mnt/BLOCKSTORAGE/home/250897.cloudwaysapps.com/dpsnfejbmg/public_html/vendor/laravel/framework/src/Illuminate/Auth/GuardHelpers.php(60): Illuminate\\Auth\\SessionGuard->user()
#13 /mnt/BLOCKSTORAGE/home/250897.cloudwaysapps.com/dpsnfejbmg/public_html/vendor/laravel/framework/src/Illuminate/Auth/AuthManager.php(307): Illuminate\\Auth\\SessionGuard->check()
#14 /mnt/BLOCKSTORAGE/home/250897.cloudwaysapps.com/dpsnfejbmg/public_html/vendor/laravel/framework/src/Illuminate/Support/Facades/Facade.php(239): Illuminate\\Auth\\AuthManager->__call()
#15 /mnt/BLOCKSTORAGE/home/250897.cloudwaysapps.com/dpsnfejbmg/public_html/app/Http/Middleware/Admin.php(18): Illuminate\\Support\\Facades\\Facade::__callStatic()
#16 /mnt/BLOCKSTORAGE/home/250897.cloudwaysapps.com/dpsnfejbmg/public_html/vendor/laravel/framework/src/Illuminate/Pipeline/Pipeline.php(171): App\\Http\\Middleware\\Admin->handle()
#17 /mnt/BLOCKSTORAGE/home/250897.cloudwaysapps.com/dpsnfejbmg/public_html/vendor/laravel/framework/src/Illuminate/Routing/Middleware/SubstituteBindings.php(41): Illuminate\\Pipeline\\Pipeline->Illuminate\\Pipeline\\{closure}()
#18 /mnt/BLOCKSTORAGE/home/250897.cloudwaysapps.com/dpsnfejbmg/public_html/vendor/laravel/framework/src/Illuminate/Pipeline/Pipeline.php(171): Illuminate\\Routing\\Middleware\\SubstituteBindings->handle()
#19 /mnt/BLOCKSTORAGE/home/250897.cloudwaysapps.com/dpsnfejbmg/public_html/vendor/laravel/framework/src/Illuminate/Foundation/Http/Middleware/VerifyCsrfToken.php(76): Illuminate\\Pipeline\\Pipeline->Illuminate\\Pipeline\\{closure}()
#20 /mnt/BLOCKSTORAGE/home/250897.cloudwaysapps.com/dpsnfejbmg/public_html/vendor/laravel/framework/src/Illuminate/Pipeline/Pipeline.php(171): Illuminate\\Foundation\\Http\\Middleware\\VerifyCsrfToken->handle()
#21 /mnt/BLOCKSTORAGE/home/250897.cloudwaysapps.com/dpsnfejbmg/public_html/vendor/laravel/framework/src/Illuminate/View/Middleware/ShareErrorsFromSession.php(49): Illuminate\\Pipeline\\Pipeline->Illuminate\\Pipeline\\{closure}()
#22 /mnt/BLOCKSTORAGE/home/250897.cloudwaysapps.com/dpsnfejbmg/public_html/vendor/laravel/framework/src/Illuminate/Pipeline/Pipeline.php(171): Illuminate\\View\\Middleware\\ShareErrorsFromSession->handle()
#23 /mnt/BLOCKSTORAGE/home/250897.cloudwaysapps.com/dpsnfejbmg/public_html/vendor/laravel/framework/src/Illuminate/Session/Middleware/StartSession.php(56): Illuminate\\Pipeline\\Pipeline->Illuminate\\Pipeline\\{closure}()
#24 /mnt/BLOCKSTORAGE/home/250897.cloudwaysapps.com/dpsnfejbmg/public_html/vendor/laravel/framework/src/Illuminate/Pipeline/Pipeline.php(171): Illuminate\\Session\\Middleware\\StartSession->handle()
#25 /mnt/BLOCKSTORAGE/home/250897.cloudwaysapps.com/dpsnfejbmg/public_html/vendor/laravel/framework/src/Illuminate/Cookie/Middleware/AddQueuedCookiesToResponse.php(37): Illuminate\\Pipeline\\Pipeline->Illuminate\\Pipeline\\{closure}()
#26 /mnt/BLOCKSTORAGE/home/250897.cloudwaysapps.com/dpsnfejbmg/public_html/vendor/laravel/framework/src/Illuminate/Pipeline/Pipeline.php(171): Illuminate\\Cookie\\Middleware\\AddQueuedCookiesToResponse->handle()
#27 /mnt/BLOCKSTORAGE/home/250897.cloudwaysapps.com/dpsnfejbmg/public_html/vendor/laravel/framework/src/Illuminate/Cookie/Middleware/EncryptCookies.php(66): Illuminate\\Pipeline\\Pipeline->Illuminate\\Pipeline\\{closure}()
#28 /mnt/BLOCKSTORAGE/home/250897.cloudwaysapps.com/dpsnfejbmg/public_html/vendor/laravel/framework/src/Illuminate/Pipeline/Pipeline.php(171): Illuminate\\Cookie\\Middleware\\EncryptCookies->handle()
#29 /mnt/BLOCKSTORAGE/home/250897.cloudwaysapps.com/dpsnfejbmg/public_html/vendor/laravel/framework/src/Illuminate/Pipeline/Pipeline.php(105): Illuminate\\Pipeline\\Pipeline->Illuminate\\Pipeline\\{closure}()
#30 /mnt/BLOCKSTORAGE/home/250897.cloudwaysapps.com/dpsnfejbmg/public_html/vendor/laravel/framework/src/Illuminate/Routing/Router.php(682): Illuminate\\Pipeline\\Pipeline->then()
#31 /mnt/BLOCKSTORAGE/home/250897.cloudwaysapps.com/dpsnfejbmg/public_html/vendor/laravel/framework/src/Illuminate/Routing/Router.php(657): Illuminate\\Routing\\Router->runRouteWithinStack()
#32 /mnt/BLOCKSTORAGE/home/250897.cloudwaysapps.com/dpsnfejbmg/public_html/vendor/laravel/framework/src/Illuminate/Routing/Router.php(623): Illuminate\\Routing\\Router->runRoute()
#33 /mnt/BLOCKSTORAGE/home/250897.cloudwaysapps.com/dpsnfejbmg/public_html/vendor/laravel/framework/src/Illuminate/Routing/Router.php(612): Illuminate\\Routing\\Router->dispatchToRoute()
#34 /mnt/BLOCKSTORAGE/home/250897.cloudwaysapps.com/dpsnfejbmg/public_html/vendor/laravel/framework/src/Illuminate/Foundation/Http/Kernel.php(176): Illuminate\\Routing\\Router->dispatch()
#35 /mnt/BLOCKSTORAGE/home/250897.cloudwaysapps.com/dpsnfejbmg/public_html/vendor/laravel/framework/src/Illuminate/Pipeline/Pipeline.php(130): Illuminate\\Foundation\\Http\\Kernel->Illuminate\\Foundation\\Http\\{closure}()
#36 /mnt/BLOCKSTORAGE/home/250897.cloudwaysapps.com/dpsnfejbmg/public_html/vendor/laravel/framework/src/Illuminate/Foundation/Http/Middleware/TransformsRequest.php(21): Illuminate\\Pipeline\\Pipeline->Illuminate\\Pipeline\\{closure}()
#37 /mnt/BLOCKSTORAGE/home/250897.cloudwaysapps.com/dpsnfejbmg/public_html/vendor/laravel/framework/src/Illuminate/Pipeline/Pipeline.php(171): Illuminate\\Foundation\\Http\\Middleware\\TransformsRequest->handle()
#38 /mnt/BLOCKSTORAGE/home/250897.cloudwaysapps.com/dpsnfejbmg/public_html/vendor/laravel/framework/src/Illuminate/Foundation/Http/Middleware/TransformsRequest.php(21): Illuminate\\Pipeline\\Pipeline->Illuminate\\Pipeline\\{closure}()
#39 /mnt/BLOCKSTORAGE/home/250897.cloudwaysapps.com/dpsnfejbmg/public_html/vendor/laravel/framework/src/Illuminate/Pipeline/Pipeline.php(171): Illuminate\\Foundation\\Http\\Middleware\\TransformsRequest->handle()
#40 /mnt/BLOCKSTORAGE/home/250897.cloudwaysapps.com/dpsnfejbmg/public_html/vendor/laravel/framework/src/Illuminate/Foundation/Http/Middleware/ValidatePostSize.php(27): Illuminate\\Pipeline\\Pipeline->Illuminate\\Pipeline\\{closure}()
#41 /mnt/BLOCKSTORAGE/home/250897.cloudwaysapps.com/dpsnfejbmg/public_html/vendor/laravel/framework/src/Illuminate/Pipeline/Pipeline.php(171): Illuminate\\Foundation\\Http\\Middleware\\ValidatePostSize->handle()
#42 /mnt/BLOCKSTORAGE/home/250897.cloudwaysapps.com/dpsnfejbmg/public_html/vendor/laravel/framework/src/Illuminate/Foundation/Http/Middleware/CheckForMaintenanceMode.php(62): Illuminate\\Pipeline\\Pipeline->Illuminate\\Pipeline\\{closure}()
#43 /mnt/BLOCKSTORAGE/home/250897.cloudwaysapps.com/dpsnfejbmg/public_html/vendor/laravel/framework/src/Illuminate/Pipeline/Pipeline.php(171): Illuminate\\Foundation\\Http\\Middleware\\CheckForMaintenanceMode->handle()
#44 /mnt/BLOCKSTORAGE/home/250897.cloudwaysapps.com/dpsnfejbmg/public_html/vendor/fideloper/proxy/src/TrustProxies.php(57): Illuminate\\Pipeline\\Pipeline->Illuminate\\Pipeline\\{closure}()
#45 /mnt/BLOCKSTORAGE/home/250897.cloudwaysapps.com/dpsnfejbmg/public_html/vendor/laravel/framework/src/Illuminate/Pipeline/Pipeline.php(171): Fideloper\\Proxy\\TrustProxies->handle()
#46 /mnt/BLOCKSTORAGE/home/250897.cloudwaysapps.com/dpsnfejbmg/public_html/vendor/laravel/framework/src/Illuminate/Pipeline/Pipeline.php(105): Illuminate\\Pipeline\\Pipeline->Illuminate\\Pipeline\\{closure}()
#47 /mnt/BLOCKSTORAGE/home/250897.cloudwaysapps.com/dpsnfejbmg/public_html/vendor/laravel/framework/src/Illuminate/Foundation/Http/Kernel.php(151): Illuminate\\Pipeline\\Pipeline->then()
#48 /mnt/BLOCKSTORAGE/home/250897.cloudwaysapps.com/dpsnfejbmg/public_html/vendor/laravel/framework/src/Illuminate/Foundation/Http/Kernel.php(116): Illuminate\\Foundation\\Http\\Kernel->sendRequestThroughRouter()
#49 /mnt/BLOCKSTORAGE/home/250897.cloudwaysapps.com/dpsnfejbmg/public_html/public/index.php(55): Illuminate\\Foundation\\Http\\Kernel->handle()
#50 {main}

[previous exception] [object] (PDOException(code: 1045): SQLSTATE[HY000] [1045] Access denied for user 'root'@'localhost' (using password: NO) at /mnt/BLOCKSTORAGE/home/250897.cloudwaysapps.com/dpsnfejbmg/public_html/vendor/laravel/framework/src/Illuminate/Database/Connectors/Connector.php:70)
[stacktrace]
#0 /mnt/BLOCKSTORAGE/home/250897.cloudwaysapps.com/dpsnfejbmg/public_html/vendor/laravel/framework/src/Illuminate/Database/Connectors/Connector.php(70): PDO->__construct()
#1 /mnt/BLOCKSTORAGE/home/250897.cloudwaysapps.com/dpsnfejbmg/public_html/vendor/laravel/framework/src/Illuminate/Database/Connectors/Connector.php(46): Illuminate\\Database\\Connectors\\Connector->createPdoConnection()
#2 /mnt/BLOCKSTORAGE/home/250897.cloudwaysapps.com/dpsnfejbmg/public_html/vendor/laravel/framework/src/Illuminate/Database/Connectors/MySqlConnector.php(24): Illuminate\\Database\\Connectors\\Connector->createConnection()
#3 /mnt/BLOCKSTORAGE/home/250897.cloudwaysapps.com/dpsnfejbmg/public_html/vendor/laravel/framework/src/Illuminate/Database/Connectors/ConnectionFactory.php(182): Illuminate\\Database\\Connectors\\MySqlConnector->connect()
#4 [internal function]: Illuminate\\Database\\Connectors\\ConnectionFactory->Illuminate\\Database\\Connectors\\{closure}()
#5 /mnt/BLOCKSTORAGE/home/250897.cloudwaysapps.com/dpsnfejbmg/public_html/vendor/laravel/framework/src/Illuminate/Database/Connection.php(920): call_user_func()
#6 /mnt/BLOCKSTORAGE/home/250897.cloudwaysapps.com/dpsnfejbmg/public_html/vendor/laravel/framework/src/Illuminate/Database/Connection.php(945): Illuminate\\Database\\Connection->getPdo()
#7 /mnt/BLOCKSTORAGE/home/250897.cloudwaysapps.com/dpsnfejbmg/public_html/vendor/laravel/framework/src/Illuminate/Database/Connection.php(400): Illuminate\\Database\\Connection->getReadPdo()
#8 /mnt/BLOCKSTORAGE/home/250897.cloudwaysapps.com/dpsnfejbmg/public_html/vendor/laravel/framework/src/Illuminate/Database/Connection.php(326): Illuminate\\Database\\Connection->getPdoForSelect()
#9 /mnt/BLOCKSTORAGE/home/250897.cloudwaysapps.com/dpsnfejbmg/public_html/vendor/laravel/framework/src/Illuminate/Database/Connection.php(658): Illuminate\\Database\\Connection->Illuminate\\Database\\{closure}()
#10 /mnt/BLOCKSTORAGE/home/250897.cloudwaysapps.com/dpsnfejbmg/public_html/vendor/laravel/framework/src/Illuminate/Database/Connection.php(625): Illuminate\\Database\\Connection->runQueryCallback()
#11 /mnt/BLOCKSTORAGE/home/250897.cloudwaysapps.com/dpsnfejbmg/public_html/vendor/laravel/framework/src/Illuminate/Database/Connection.php(334): Illuminate\\Database\\Connection->run()
#12 /mnt/BLOCKSTORAGE/home/250897.cloudwaysapps.com/dpsnfejbmg/public_html/vendor/laravel/framework/src/Illuminate/Database/Query/Builder.php(2140): Illuminate\\Database\\Connection->select()
#13 /mnt/BLOCKSTORAGE/home/250897.cloudwaysapps.com/dpsnfejbmg/public_html/vendor/laravel/framework/src/Illuminate/Database/Query/Builder.php(2128): Illuminate\\Database\\Query\\Builder->runSelect()
#14 /mnt/BLOCKSTORAGE/home/250897.cloudwaysapps.com/dpsnfejbmg/public_html/vendor/laravel/framework/src/Illuminate/Database/Query/Builder.php(2572): Illuminate\\Database\\Query\\Builder->Illuminate\\Database\\Query\\{closure}()
#15 /mnt/BLOCKSTORAGE/home/250897.cloudwaysapps.com/dpsnfejbmg/public_html/vendor/laravel/framework/src/Illuminate/Database/Query/Builder.php(2129): Illuminate\\Database\\Query\\Builder->onceWithColumns()
#16 /mnt/BLOCKSTORAGE/home/250897.cloudwaysapps.com/dpsnfejbmg/public_html/vendor/laravel/framework/src/Illuminate/Database/Eloquent/Builder.php(521): Illuminate\\Database\\Query\\Builder->get()
#17 /mnt/BLOCKSTORAGE/home/250897.cloudwaysapps.com/dpsnfejbmg/public_html/vendor/laravel/framework/src/Illuminate/Database/Eloquent/Builder.php(505): Illuminate\\Database\\Eloquent\\Builder->getModels()
#18 /mnt/BLOCKSTORAGE/home/250897.cloudwaysapps.com/dpsnfejbmg/public_html/vendor/laravel/framework/src/Illuminate/Database/Concerns/BuildsQueries.php(143): Illuminate\\Database\\Eloquent\\Builder->get()
#19 /mnt/BLOCKSTORAGE/home/250897.cloudwaysapps.com/dpsnfejbmg/public_html/vendor/laravel/framework/src/Illuminate/Auth/EloquentUserProvider.php(68): Illuminate\\Database\\Eloquent\\Builder->first()
#20 /mnt/BLOCKSTORAGE/home/250897.cloudwaysapps.com/dpsnfejbmg/public_html/vendor/laravel/framework/src/Illuminate/Auth/SessionGuard.php(169): Illuminate\\Auth\\EloquentUserProvider->retrieveByToken()
#21 /mnt/BLOCKSTORAGE/home/250897.cloudwaysapps.com/dpsnfejbmg/public_html/vendor/laravel/framework/src/Illuminate/Auth/SessionGuard.php(139): Illuminate\\Auth\\SessionGuard->userFromRecaller()
#22 /mnt/BLOCKSTORAGE/home/250897.cloudwaysapps.com/dpsnfejbmg/public_html/vendor/laravel/framework/src/Illuminate/Auth/GuardHelpers.php(60): Illuminate\\Auth\\SessionGuard->user()
#23 /mnt/BLOCKSTORAGE/home/250897.cloudwaysapps.com/dpsnfejbmg/public_html/vendor/laravel/framework/src/Illuminate/Auth/AuthManager.php(307): Illuminate\\Auth\\SessionGuard->check()
#24 /mnt/BLOCKSTORAGE/home/250897.cloudwaysapps.com/dpsnfejbmg/public_html/vendor/laravel/framework/src/Illuminate/Support/Facades/Facade.php(239): Illuminate\\Auth\\AuthManager->__call()
#25 /mnt/BLOCKSTORAGE/home/250897.cloudwaysapps.com/dpsnfejbmg/public_html/app/Http/Middleware/Admin.php(18): Illuminate\\Support\\Facades\\Facade::__callStatic()
#26 /mnt/BLOCKSTORAGE/home/250897.cloudwaysapps.com/dpsnfejbmg/public_html/vendor/laravel/framework/src/Illuminate/Pipeline/Pipeline.php(171): App\\Http\\Middleware\\Admin->handle()
#27 /mnt/BLOCKSTORAGE/home/250897.cloudwaysapps.com/dpsnfejbmg/public_html/vendor/laravel/framework/src/Illuminate/Routing/Middleware/SubstituteBindings.php(41): Illuminate\\Pipeline\\Pipeline->Illuminate\\Pipeline\\{closure}()
#28 /mnt/BLOCKSTORAGE/home/250897.cloudwaysapps.com/dpsnfejbmg/public_html/vendor/laravel/framework/src/Illuminate/Pipeline/Pipeline.php(171): Illuminate\\Routing\\Middleware\\SubstituteBindings->handle()
#29 /mnt/BLOCKSTORAGE/home/250897.cloudwaysapps.com/dpsnfejbmg/public_html/vendor/laravel/framework/src/Illuminate/Foundation/Http/Middleware/VerifyCsrfToken.php(76): Illuminate\\Pipeline\\Pipeline->Illuminate\\Pipeline\\{closure}()
#30 /mnt/BLOCKSTORAGE/home/250897.cloudwaysapps.com/dpsnfejbmg/public_html/vendor/laravel/framework/src/Illuminate/Pipeline/Pipeline.php(171): Illuminate\\Foundation\\Http\\Middleware\\VerifyCsrfToken->handle()
#31 /mnt/BLOCKSTORAGE/home/250897.cloudwaysapps.com/dpsnfejbmg/public_html/vendor/laravel/framework/src/Illuminate/View/Middleware/ShareErrorsFromSession.php(49): Illuminate\\Pipeline\\Pipeline->Illuminate\\Pipeline\\{closure}()
#32 /mnt/BLOCKSTORAGE/home/250897.cloudwaysapps.com/dpsnfejbmg/public_html/vendor/laravel/framework/src/Illuminate/Pipeline/Pipeline.php(171): Illuminate\\View\\Middleware\\ShareErrorsFromSession->handle()
#33 /mnt/BLOCKSTORAGE/home/250897.cloudwaysapps.com/dpsnfejbmg/public_html/vendor/laravel/framework/src/Illuminate/Session/Middleware/StartSession.php(56): Illuminate\\Pipeline\\Pipeline->Illuminate\\Pipeline\\{closure}()
#34 /mnt/BLOCKSTORAGE/home/250897.cloudwaysapps.com/dpsnfejbmg/public_html/vendor/laravel/framework/src/Illuminate/Pipeline/Pipeline.php(171): Illuminate\\Session\\Middleware\\StartSession->handle()
#35 /mnt/BLOCKSTORAGE/home/250897.cloudwaysapps.com/dpsnfejbmg/public_html/vendor/laravel/framework/src/Illuminate/Cookie/Middleware/AddQueuedCookiesToResponse.php(37): Illuminate\\Pipeline\\Pipeline->Illuminate\\Pipeline\\{closure}()
#36 /mnt/BLOCKSTORAGE/home/250897.cloudwaysapps.com/dpsnfejbmg/public_html/vendor/laravel/framework/src/Illuminate/Pipeline/Pipeline.php(171): Illuminate\\Cookie\\Middleware\\AddQueuedCookiesToResponse->handle()
#37 /mnt/BLOCKSTORAGE/home/250897.cloudwaysapps.com/dpsnfejbmg/public_html/vendor/laravel/framework/src/Illuminate/Cookie/Middleware/EncryptCookies.php(66): Illuminate\\Pipeline\\Pipeline->Illuminate\\Pipeline\\{closure}()
#38 /mnt/BLOCKSTORAGE/home/250897.cloudwaysapps.com/dpsnfejbmg/public_html/vendor/laravel/framework/src/Illuminate/Pipeline/Pipeline.php(171): Illuminate\\Cookie\\Middleware\\EncryptCookies->handle()
#39 /mnt/BLOCKSTORAGE/home/250897.cloudwaysapps.com/dpsnfejbmg/public_html/vendor/laravel/framework/src/Illuminate/Pipeline/Pipeline.php(105): Illuminate\\Pipeline\\Pipeline->Illuminate\\Pipeline\\{closure}()
#40 /mnt/BLOCKSTORAGE/home/250897.cloudwaysapps.com/dpsnfejbmg/public_html/vendor/laravel/framework/src/Illuminate/Routing/Router.php(682): Illuminate\\Pipeline\\Pipeline->then()
#41 /mnt/BLOCKSTORAGE/home/250897.cloudwaysapps.com/dpsnfejbmg/public_html/vendor/laravel/framework/src/Illuminate/Routing/Router.php(657): Illuminate\\Routing\\Router->runRouteWithinStack()
#42 /mnt/BLOCKSTORAGE/home/250897.cloudwaysapps.com/dpsnfejbmg/public_html/vendor/laravel/framework/src/Illuminate/Routing/Router.php(623): Illuminate\\Routing\\Router->runRoute()
#43 /mnt/BLOCKSTORAGE/home/250897.cloudwaysapps.com/dpsnfejbmg/public_html/vendor/laravel/framework/src/Illuminate/Routing/Router.php(612): Illuminate\\Routing\\Router->dispatchToRoute()
#44 /mnt/BLOCKSTORAGE/home/250897.cloudwaysapps.com/dpsnfejbmg/public_html/vendor/laravel/framework/src/Illuminate/Foundation/Http/Kernel.php(176): Illuminate\\Routing\\Router->dispatch()
#45 /mnt/BLOCKSTORAGE/home/250897.cloudwaysapps.com/dpsnfejbmg/public_html/vendor/laravel/framework/src/Illuminate/Pipeline/Pipeline.php(130): Illuminate\\Foundation\\Http\\Kernel->Illuminate\\Foundation\\Http\\{closure}()
#46 /mnt/BLOCKSTORAGE/home/250897.cloudwaysapps.com/dpsnfejbmg/public_html/vendor/laravel/framework/src/Illuminate/Foundation/Http/Middleware/TransformsRequest.php(21): Illuminate\\Pipeline\\Pipeline->Illuminate\\Pipeline\\{closure}()
#47 /mnt/BLOCKSTORAGE/home/250897.cloudwaysapps.com/dpsnfejbmg/public_html/vendor/laravel/framework/src/Illuminate/Pipeline/Pipeline.php(171): Illuminate\\Foundation\\Http\\Middleware\\TransformsRequest->handle()
#48 /mnt/BLOCKSTORAGE/home/250897.cloudwaysapps.com/dpsnfejbmg/public_html/vendor/laravel/framework/src/Illuminate/Foundation/Http/Middleware/TransformsRequest.php(21): Illuminate\\Pipeline\\Pipeline->Illuminate\\Pipeline\\{closure}()
#49 /mnt/BLOCKSTORAGE/home/250897.cloudwaysapps.com/dpsnfejbmg/public_html/vendor/laravel/framework/src/Illuminate/Pipeline/Pipeline.php(171): Illuminate\\Foundation\\Http\\Middleware\\TransformsRequest->handle()
#50 /mnt/BLOCKSTORAGE/home/250897.cloudwaysapps.com/dpsnfejbmg/public_html/vendor/laravel/framework/src/Illuminate/Foundation/Http/Middleware/ValidatePostSize.php(27): Illuminate\\Pipeline\\Pipeline->Illuminate\\Pipeline\\{closure}()
#51 /mnt/BLOCKSTORAGE/home/250897.cloudwaysapps.com/dpsnfejbmg/public_html/vendor/laravel/framework/src/Illuminate/Pipeline/Pipeline.php(171): Illuminate\\Foundation\\Http\\Middleware\\ValidatePostSize->handle()
#52 /mnt/BLOCKSTORAGE/home/250897.cloudwaysapps.com/dpsnfejbmg/public_html/vendor/laravel/framework/src/Illuminate/Foundation/Http/Middleware/CheckForMaintenanceMode.php(62): Illuminate\\Pipeline\\Pipeline->Illuminate\\Pipeline\\{closure}()
#53 /mnt/BLOCKSTORAGE/home/250897.cloudwaysapps.com/dpsnfejbmg/public_html/vendor/laravel/framework/src/Illuminate/Pipeline/Pipeline.php(171): Illuminate\\Foundation\\Http\\Middleware\\CheckForMaintenanceMode->handle()
#54 /mnt/BLOCKSTORAGE/home/250897.cloudwaysapps.com/dpsnfejbmg/public_html/vendor/fideloper/proxy/src/TrustProxies.php(57): Illuminate\\Pipeline\\Pipeline->Illuminate\\Pipeline\\{closure}()
#55 /mnt/BLOCKSTORAGE/home/250897.cloudwaysapps.com/dpsnfejbmg/public_html/vendor/laravel/framework/src/Illuminate/Pipeline/Pipeline.php(171): Fideloper\\Proxy\\TrustProxies->handle()
#56 /mnt/BLOCKSTORAGE/home/250897.cloudwaysapps.com/dpsnfejbmg/public_html/vendor/laravel/framework/src/Illuminate/Pipeline/Pipeline.php(105): Illuminate\\Pipeline\\Pipeline->Illuminate\\Pipeline\\{closure}()
#57 /mnt/BLOCKSTORAGE/home/250897.cloudwaysapps.com/dpsnfejbmg/public_html/vendor/laravel/framework/src/Illuminate/Foundation/Http/Kernel.php(151): Illuminate\\Pipeline\\Pipeline->then()
#58 /mnt/BLOCKSTORAGE/home/250897.cloudwaysapps.com/dpsnfejbmg/public_html/vendor/laravel/framework/src/Illuminate/Foundation/Http/Kernel.php(116): Illuminate\\Foundation\\Http\\Kernel->sendRequestThroughRouter()
#59 /mnt/BLOCKSTORAGE/home/250897.cloudwaysapps.com/dpsnfejbmg/public_html/public/index.php(55): Illuminate\\Foundation\\Http\\Kernel->handle()
#60 {main}
"} 
[2021-05-20 17:07:52] local.ERROR: file_put_contents(D:\poznic\storage\framework/sessions/rOtfvdiOaNy7ctL8MHPswvtViDVy4y1qIkyQT3y1): failed to open stream: No such file or directory {"exception":"[object] (ErrorException(code: 0): file_put_contents(D:\\poznic\\storage\\framework/sessions/rOtfvdiOaNy7ctL8MHPswvtViDVy4y1qIkyQT3y1): failed to open stream: No such file or directory at /mnt/BLOCKSTORAGE/home/250897.cloudwaysapps.com/dpsnfejbmg/public_html/vendor/laravel/framework/src/Illuminate/Filesystem/Filesystem.php:122)
[stacktrace]
#0 [internal function]: Illuminate\\Foundation\\Bootstrap\\HandleExceptions->handleError()
#1 /mnt/BLOCKSTORAGE/home/250897.cloudwaysapps.com/dpsnfejbmg/public_html/vendor/laravel/framework/src/Illuminate/Filesystem/Filesystem.php(122): file_put_contents()
#2 /mnt/BLOCKSTORAGE/home/250897.cloudwaysapps.com/dpsnfejbmg/public_html/vendor/laravel/framework/src/Illuminate/Session/FileSessionHandler.php(83): Illuminate\\Filesystem\\Filesystem->put()
#3 /mnt/BLOCKSTORAGE/home/250897.cloudwaysapps.com/dpsnfejbmg/public_html/vendor/laravel/framework/src/Illuminate/Session/Store.php(129): Illuminate\\Session\\FileSessionHandler->write()
#4 /mnt/BLOCKSTORAGE/home/250897.cloudwaysapps.com/dpsnfejbmg/public_html/vendor/laravel/framework/src/Illuminate/Session/Middleware/StartSession.php(170): Illuminate\\Session\\Store->save()
#5 /mnt/BLOCKSTORAGE/home/250897.cloudwaysapps.com/dpsnfejbmg/public_html/vendor/laravel/framework/src/Illuminate/Session/Middleware/StartSession.php(65): Illuminate\\Session\\Middleware\\StartSession->saveSession()
#6 /mnt/BLOCKSTORAGE/home/250897.cloudwaysapps.com/dpsnfejbmg/public_html/vendor/laravel/framework/src/Illuminate/Pipeline/Pipeline.php(171): Illuminate\\Session\\Middleware\\StartSession->handle()
#7 /mnt/BLOCKSTORAGE/home/250897.cloudwaysapps.com/dpsnfejbmg/public_html/vendor/laravel/framework/src/Illuminate/Cookie/Middleware/AddQueuedCookiesToResponse.php(37): Illuminate\\Pipeline\\Pipeline->Illuminate\\Pipeline\\{closure}()
#8 /mnt/BLOCKSTORAGE/home/250897.cloudwaysapps.com/dpsnfejbmg/public_html/vendor/laravel/framework/src/Illuminate/Pipeline/Pipeline.php(171): Illuminate\\Cookie\\Middleware\\AddQueuedCookiesToResponse->handle()
#9 /mnt/BLOCKSTORAGE/home/250897.cloudwaysapps.com/dpsnfejbmg/public_html/vendor/laravel/framework/src/Illuminate/Cookie/Middleware/EncryptCookies.php(66): Illuminate\\Pipeline\\Pipeline->Illuminate\\Pipeline\\{closure}()
#10 /mnt/BLOCKSTORAGE/home/250897.cloudwaysapps.com/dpsnfejbmg/public_html/vendor/laravel/framework/src/Illuminate/Pipeline/Pipeline.php(171): Illuminate\\Cookie\\Middleware\\EncryptCookies->handle()
#11 /mnt/BLOCKSTORAGE/home/250897.cloudwaysapps.com/dpsnfejbmg/public_html/vendor/laravel/framework/src/Illuminate/Pipeline/Pipeline.php(105): Illuminate\\Pipeline\\Pipeline->Illuminate\\Pipeline\\{closure}()
#12 /mnt/BLOCKSTORAGE/home/250897.cloudwaysapps.com/dpsnfejbmg/public_html/vendor/laravel/framework/src/Illuminate/Routing/Router.php(682): Illuminate\\Pipeline\\Pipeline->then()
#13 /mnt/BLOCKSTORAGE/home/250897.cloudwaysapps.com/dpsnfejbmg/public_html/vendor/laravel/framework/src/Illuminate/Routing/Router.php(657): Illuminate\\Routing\\Router->runRouteWithinStack()
#14 /mnt/BLOCKSTORAGE/home/250897.cloudwaysapps.com/dpsnfejbmg/public_html/vendor/laravel/framework/src/Illuminate/Routing/Router.php(623): Illuminate\\Routing\\Router->runRoute()
#15 /mnt/BLOCKSTORAGE/home/250897.cloudwaysapps.com/dpsnfejbmg/public_html/vendor/laravel/framework/src/Illuminate/Routing/Router.php(612): Illuminate\\Routing\\Router->dispatchToRoute()
#16 /mnt/BLOCKSTORAGE/home/250897.cloudwaysapps.com/dpsnfejbmg/public_html/vendor/laravel/framework/src/Illuminate/Foundation/Http/Kernel.php(176): Illuminate\\Routing\\Router->dispatch()
#17 /mnt/BLOCKSTORAGE/home/250897.cloudwaysapps.com/dpsnfejbmg/public_html/vendor/laravel/framework/src/Illuminate/Pipeline/Pipeline.php(130): Illuminate\\Foundation\\Http\\Kernel->Illuminate\\Foundation\\Http\\{closure}()
#18 /mnt/BLOCKSTORAGE/home/250897.cloudwaysapps.com/dpsnfejbmg/public_html/vendor/laravel/framework/src/Illuminate/Foundation/Http/Middleware/TransformsRequest.php(21): Illuminate\\Pipeline\\Pipeline->Illuminate\\Pipeline\\{closure}()
#19 /mnt/BLOCKSTORAGE/home/250897.cloudwaysapps.com/dpsnfejbmg/public_html/vendor/laravel/framework/src/Illuminate/Pipeline/Pipeline.php(171): Illuminate\\Foundation\\Http\\Middleware\\TransformsRequest->handle()
#20 /mnt/BLOCKSTORAGE/home/250897.cloudwaysapps.com/dpsnfejbmg/public_html/vendor/laravel/framework/src/Illuminate/Foundation/Http/Middleware/TransformsRequest.php(21): Illuminate\\Pipeline\\Pipeline->Illuminate\\Pipeline\\{closure}()
#21 /mnt/BLOCKSTORAGE/home/250897.cloudwaysapps.com/dpsnfejbmg/public_html/vendor/laravel/framework/src/Illuminate/Pipeline/Pipeline.php(171): Illuminate\\Foundation\\Http\\Middleware\\TransformsRequest->handle()
#22 /mnt/BLOCKSTORAGE/home/250897.cloudwaysapps.com/dpsnfejbmg/public_html/vendor/laravel/framework/src/Illuminate/Foundation/Http/Middleware/ValidatePostSize.php(27): Illuminate\\Pipeline\\Pipeline->Illuminate\\Pipeline\\{closure}()
#23 /mnt/BLOCKSTORAGE/home/250897.cloudwaysapps.com/dpsnfejbmg/public_html/vendor/laravel/framework/src/Illuminate/Pipeline/Pipeline.php(171): Illuminate\\Foundation\\Http\\Middleware\\ValidatePostSize->handle()
#24 /mnt/BLOCKSTORAGE/home/250897.cloudwaysapps.com/dpsnfejbmg/public_html/vendor/laravel/framework/src/Illuminate/Foundation/Http/Middleware/CheckForMaintenanceMode.php(62): Illuminate\\Pipeline\\Pipeline->Illuminate\\Pipeline\\{closure}()
#25 /mnt/BLOCKSTORAGE/home/250897.cloudwaysapps.com/dpsnfejbmg/public_html/vendor/laravel/framework/src/Illuminate/Pipeline/Pipeline.php(171): Illuminate\\Foundation\\Http\\Middleware\\CheckForMaintenanceMode->handle()
#26 /mnt/BLOCKSTORAGE/home/250897.cloudwaysapps.com/dpsnfejbmg/public_html/vendor/fideloper/proxy/src/TrustProxies.php(57): Illuminate\\Pipeline\\Pipeline->Illuminate\\Pipeline\\{closure}()
#27 /mnt/BLOCKSTORAGE/home/250897.cloudwaysapps.com/dpsnfejbmg/public_html/vendor/laravel/framework/src/Illuminate/Pipeline/Pipeline.php(171): Fideloper\\Proxy\\TrustProxies->handle()
#28 /mnt/BLOCKSTORAGE/home/250897.cloudwaysapps.com/dpsnfejbmg/public_html/vendor/laravel/framework/src/Illuminate/Pipeline/Pipeline.php(105): Illuminate\\Pipeline\\Pipeline->Illuminate\\Pipeline\\{closure}()
#29 /mnt/BLOCKSTORAGE/home/250897.cloudwaysapps.com/dpsnfejbmg/public_html/vendor/laravel/framework/src/Illuminate/Foundation/Http/Kernel.php(151): Illuminate\\Pipeline\\Pipeline->then()
#30 /mnt/BLOCKSTORAGE/home/250897.cloudwaysapps.com/dpsnfejbmg/public_html/vendor/laravel/framework/src/Illuminate/Foundation/Http/Kernel.php(116): Illuminate\\Foundation\\Http\\Kernel->sendRequestThroughRouter()
#31 /mnt/BLOCKSTORAGE/home/250897.cloudwaysapps.com/dpsnfejbmg/public_html/public/index.php(55): Illuminate\\Foundation\\Http\\Kernel->handle()
#32 {main}
"} 
[2021-05-20 17:08:13] local.ERROR: SQLSTATE[HY000] [1045] Access denied for user 'root'@'localhost' (using password: NO) (SQL: select * from `users` where `id` = 1 limit 1) {"exception":"[object] (Illuminate\\Database\\QueryException(code: 1045): SQLSTATE[HY000] [1045] Access denied for user 'root'@'localhost' (using password: NO) (SQL: select * from `users` where `id` = 1 limit 1) at /mnt/BLOCKSTORAGE/home/250897.cloudwaysapps.com/dpsnfejbmg/public_html/vendor/laravel/framework/src/Illuminate/Database/Connection.php:665)
[stacktrace]
#0 /mnt/BLOCKSTORAGE/home/250897.cloudwaysapps.com/dpsnfejbmg/public_html/vendor/laravel/framework/src/Illuminate/Database/Connection.php(625): Illuminate\\Database\\Connection->runQueryCallback()
#1 /mnt/BLOCKSTORAGE/home/250897.cloudwaysapps.com/dpsnfejbmg/public_html/vendor/laravel/framework/src/Illuminate/Database/Connection.php(334): Illuminate\\Database\\Connection->run()
#2 /mnt/BLOCKSTORAGE/home/250897.cloudwaysapps.com/dpsnfejbmg/public_html/vendor/laravel/framework/src/Illuminate/Database/Query/Builder.php(2140): Illuminate\\Database\\Connection->select()
#3 /mnt/BLOCKSTORAGE/home/250897.cloudwaysapps.com/dpsnfejbmg/public_html/vendor/laravel/framework/src/Illuminate/Database/Query/Builder.php(2128): Illuminate\\Database\\Query\\Builder->runSelect()
#4 /mnt/BLOCKSTORAGE/home/250897.cloudwaysapps.com/dpsnfejbmg/public_html/vendor/laravel/framework/src/Illuminate/Database/Query/Builder.php(2572): Illuminate\\Database\\Query\\Builder->Illuminate\\Database\\Query\\{closure}()
#5 /mnt/BLOCKSTORAGE/home/250897.cloudwaysapps.com/dpsnfejbmg/public_html/vendor/laravel/framework/src/Illuminate/Database/Query/Builder.php(2129): Illuminate\\Database\\Query\\Builder->onceWithColumns()
#6 /mnt/BLOCKSTORAGE/home/250897.cloudwaysapps.com/dpsnfejbmg/public_html/vendor/laravel/framework/src/Illuminate/Database/Eloquent/Builder.php(521): Illuminate\\Database\\Query\\Builder->get()
#7 /mnt/BLOCKSTORAGE/home/250897.cloudwaysapps.com/dpsnfejbmg/public_html/vendor/laravel/framework/src/Illuminate/Database/Eloquent/Builder.php(505): Illuminate\\Database\\Eloquent\\Builder->getModels()
#8 /mnt/BLOCKSTORAGE/home/250897.cloudwaysapps.com/dpsnfejbmg/public_html/vendor/laravel/framework/src/Illuminate/Database/Concerns/BuildsQueries.php(143): Illuminate\\Database\\Eloquent\\Builder->get()
#9 /mnt/BLOCKSTORAGE/home/250897.cloudwaysapps.com/dpsnfejbmg/public_html/vendor/laravel/framework/src/Illuminate/Auth/EloquentUserProvider.php(68): Illuminate\\Database\\Eloquent\\Builder->first()
#10 /mnt/BLOCKSTORAGE/home/250897.cloudwaysapps.com/dpsnfejbmg/public_html/vendor/laravel/framework/src/Illuminate/Auth/SessionGuard.php(169): Illuminate\\Auth\\EloquentUserProvider->retrieveByToken()
#11 /mnt/BLOCKSTORAGE/home/250897.cloudwaysapps.com/dpsnfejbmg/public_html/vendor/laravel/framework/src/Illuminate/Auth/SessionGuard.php(139): Illuminate\\Auth\\SessionGuard->userFromRecaller()
#12 /mnt/BLOCKSTORAGE/home/250897.cloudwaysapps.com/dpsnfejbmg/public_html/vendor/laravel/framework/src/Illuminate/Auth/GuardHelpers.php(60): Illuminate\\Auth\\SessionGuard->user()
#13 /mnt/BLOCKSTORAGE/home/250897.cloudwaysapps.com/dpsnfejbmg/public_html/vendor/laravel/framework/src/Illuminate/Auth/AuthManager.php(307): Illuminate\\Auth\\SessionGuard->check()
#14 /mnt/BLOCKSTORAGE/home/250897.cloudwaysapps.com/dpsnfejbmg/public_html/vendor/laravel/framework/src/Illuminate/Support/Facades/Facade.php(239): Illuminate\\Auth\\AuthManager->__call()
#15 /mnt/BLOCKSTORAGE/home/250897.cloudwaysapps.com/dpsnfejbmg/public_html/app/Http/Middleware/Admin.php(18): Illuminate\\Support\\Facades\\Facade::__callStatic()
#16 /mnt/BLOCKSTORAGE/home/250897.cloudwaysapps.com/dpsnfejbmg/public_html/vendor/laravel/framework/src/Illuminate/Pipeline/Pipeline.php(171): App\\Http\\Middleware\\Admin->handle()
#17 /mnt/BLOCKSTORAGE/home/250897.cloudwaysapps.com/dpsnfejbmg/public_html/vendor/laravel/framework/src/Illuminate/Routing/Middleware/SubstituteBindings.php(41): Illuminate\\Pipeline\\Pipeline->Illuminate\\Pipeline\\{closure}()
#18 /mnt/BLOCKSTORAGE/home/250897.cloudwaysapps.com/dpsnfejbmg/public_html/vendor/laravel/framework/src/Illuminate/Pipeline/Pipeline.php(171): Illuminate\\Routing\\Middleware\\SubstituteBindings->handle()
#19 /mnt/BLOCKSTORAGE/home/250897.cloudwaysapps.com/dpsnfejbmg/public_html/vendor/laravel/framework/src/Illuminate/Foundation/Http/Middleware/VerifyCsrfToken.php(76): Illuminate\\Pipeline\\Pipeline->Illuminate\\Pipeline\\{closure}()
#20 /mnt/BLOCKSTORAGE/home/250897.cloudwaysapps.com/dpsnfejbmg/public_html/vendor/laravel/framework/src/Illuminate/Pipeline/Pipeline.php(171): Illuminate\\Foundation\\Http\\Middleware\\VerifyCsrfToken->handle()
#21 /mnt/BLOCKSTORAGE/home/250897.cloudwaysapps.com/dpsnfejbmg/public_html/vendor/laravel/framework/src/Illuminate/View/Middleware/ShareErrorsFromSession.php(49): Illuminate\\Pipeline\\Pipeline->Illuminate\\Pipeline\\{closure}()
#22 /mnt/BLOCKSTORAGE/home/250897.cloudwaysapps.com/dpsnfejbmg/public_html/vendor/laravel/framework/src/Illuminate/Pipeline/Pipeline.php(171): Illuminate\\View\\Middleware\\ShareErrorsFromSession->handle()
#23 /mnt/BLOCKSTORAGE/home/250897.cloudwaysapps.com/dpsnfejbmg/public_html/vendor/laravel/framework/src/Illuminate/Session/Middleware/StartSession.php(56): Illuminate\\Pipeline\\Pipeline->Illuminate\\Pipeline\\{closure}()
#24 /mnt/BLOCKSTORAGE/home/250897.cloudwaysapps.com/dpsnfejbmg/public_html/vendor/laravel/framework/src/Illuminate/Pipeline/Pipeline.php(171): Illuminate\\Session\\Middleware\\StartSession->handle()
#25 /mnt/BLOCKSTORAGE/home/250897.cloudwaysapps.com/dpsnfejbmg/public_html/vendor/laravel/framework/src/Illuminate/Cookie/Middleware/AddQueuedCookiesToResponse.php(37): Illuminate\\Pipeline\\Pipeline->Illuminate\\Pipeline\\{closure}()
#26 /mnt/BLOCKSTORAGE/home/250897.cloudwaysapps.com/dpsnfejbmg/public_html/vendor/laravel/framework/src/Illuminate/Pipeline/Pipeline.php(171): Illuminate\\Cookie\\Middleware\\AddQueuedCookiesToResponse->handle()
#27 /mnt/BLOCKSTORAGE/home/250897.cloudwaysapps.com/dpsnfejbmg/public_html/vendor/laravel/framework/src/Illuminate/Cookie/Middleware/EncryptCookies.php(66): Illuminate\\Pipeline\\Pipeline->Illuminate\\Pipeline\\{closure}()
#28 /mnt/BLOCKSTORAGE/home/250897.cloudwaysapps.com/dpsnfejbmg/public_html/vendor/laravel/framework/src/Illuminate/Pipeline/Pipeline.php(171): Illuminate\\Cookie\\Middleware\\EncryptCookies->handle()
#29 /mnt/BLOCKSTORAGE/home/250897.cloudwaysapps.com/dpsnfejbmg/public_html/vendor/laravel/framework/src/Illuminate/Pipeline/Pipeline.php(105): Illuminate\\Pipeline\\Pipeline->Illuminate\\Pipeline\\{closure}()
#30 /mnt/BLOCKSTORAGE/home/250897.cloudwaysapps.com/dpsnfejbmg/public_html/vendor/laravel/framework/src/Illuminate/Routing/Router.php(682): Illuminate\\Pipeline\\Pipeline->then()
#31 /mnt/BLOCKSTORAGE/home/250897.cloudwaysapps.com/dpsnfejbmg/public_html/vendor/laravel/framework/src/Illuminate/Routing/Router.php(657): Illuminate\\Routing\\Router->runRouteWithinStack()
#32 /mnt/BLOCKSTORAGE/home/250897.cloudwaysapps.com/dpsnfejbmg/public_html/vendor/laravel/framework/src/Illuminate/Routing/Router.php(623): Illuminate\\Routing\\Router->runRoute()
#33 /mnt/BLOCKSTORAGE/home/250897.cloudwaysapps.com/dpsnfejbmg/public_html/vendor/laravel/framework/src/Illuminate/Routing/Router.php(612): Illuminate\\Routing\\Router->dispatchToRoute()
#34 /mnt/BLOCKSTORAGE/home/250897.cloudwaysapps.com/dpsnfejbmg/public_html/vendor/laravel/framework/src/Illuminate/Foundation/Http/Kernel.php(176): Illuminate\\Routing\\Router->dispatch()
#35 /mnt/BLOCKSTORAGE/home/250897.cloudwaysapps.com/dpsnfejbmg/public_html/vendor/laravel/framework/src/Illuminate/Pipeline/Pipeline.php(130): Illuminate\\Foundation\\Http\\Kernel->Illuminate\\Foundation\\Http\\{closure}()
#36 /mnt/BLOCKSTORAGE/home/250897.cloudwaysapps.com/dpsnfejbmg/public_html/vendor/laravel/framework/src/Illuminate/Foundation/Http/Middleware/TransformsRequest.php(21): Illuminate\\Pipeline\\Pipeline->Illuminate\\Pipeline\\{closure}()
#37 /mnt/BLOCKSTORAGE/home/250897.cloudwaysapps.com/dpsnfejbmg/public_html/vendor/laravel/framework/src/Illuminate/Pipeline/Pipeline.php(171): Illuminate\\Foundation\\Http\\Middleware\\TransformsRequest->handle()
#38 /mnt/BLOCKSTORAGE/home/250897.cloudwaysapps.com/dpsnfejbmg/public_html/vendor/laravel/framework/src/Illuminate/Foundation/Http/Middleware/TransformsRequest.php(21): Illuminate\\Pipeline\\Pipeline->Illuminate\\Pipeline\\{closure}()
#39 /mnt/BLOCKSTORAGE/home/250897.cloudwaysapps.com/dpsnfejbmg/public_html/vendor/laravel/framework/src/Illuminate/Pipeline/Pipeline.php(171): Illuminate\\Foundation\\Http\\Middleware\\TransformsRequest->handle()
#40 /mnt/BLOCKSTORAGE/home/250897.cloudwaysapps.com/dpsnfejbmg/public_html/vendor/laravel/framework/src/Illuminate/Foundation/Http/Middleware/ValidatePostSize.php(27): Illuminate\\Pipeline\\Pipeline->Illuminate\\Pipeline\\{closure}()
#41 /mnt/BLOCKSTORAGE/home/250897.cloudwaysapps.com/dpsnfejbmg/public_html/vendor/laravel/framework/src/Illuminate/Pipeline/Pipeline.php(171): Illuminate\\Foundation\\Http\\Middleware\\ValidatePostSize->handle()
#42 /mnt/BLOCKSTORAGE/home/250897.cloudwaysapps.com/dpsnfejbmg/public_html/vendor/laravel/framework/src/Illuminate/Foundation/Http/Middleware/CheckForMaintenanceMode.php(62): Illuminate\\Pipeline\\Pipeline->Illuminate\\Pipeline\\{closure}()
#43 /mnt/BLOCKSTORAGE/home/250897.cloudwaysapps.com/dpsnfejbmg/public_html/vendor/laravel/framework/src/Illuminate/Pipeline/Pipeline.php(171): Illuminate\\Foundation\\Http\\Middleware\\CheckForMaintenanceMode->handle()
#44 /mnt/BLOCKSTORAGE/home/250897.cloudwaysapps.com/dpsnfejbmg/public_html/vendor/fideloper/proxy/src/TrustProxies.php(57): Illuminate\\Pipeline\\Pipeline->Illuminate\\Pipeline\\{closure}()
#45 /mnt/BLOCKSTORAGE/home/250897.cloudwaysapps.com/dpsnfejbmg/public_html/vendor/laravel/framework/src/Illuminate/Pipeline/Pipeline.php(171): Fideloper\\Proxy\\TrustProxies->handle()
#46 /mnt/BLOCKSTORAGE/home/250897.cloudwaysapps.com/dpsnfejbmg/public_html/vendor/laravel/framework/src/Illuminate/Pipeline/Pipeline.php(105): Illuminate\\Pipeline\\Pipeline->Illuminate\\Pipeline\\{closure}()
#47 /mnt/BLOCKSTORAGE/home/250897.cloudwaysapps.com/dpsnfejbmg/public_html/vendor/laravel/framework/src/Illuminate/Foundation/Http/Kernel.php(151): Illuminate\\Pipeline\\Pipeline->then()
#48 /mnt/BLOCKSTORAGE/home/250897.cloudwaysapps.com/dpsnfejbmg/public_html/vendor/laravel/framework/src/Illuminate/Foundation/Http/Kernel.php(116): Illuminate\\Foundation\\Http\\Kernel->sendRequestThroughRouter()
#49 /mnt/BLOCKSTORAGE/home/250897.cloudwaysapps.com/dpsnfejbmg/public_html/public/index.php(55): Illuminate\\Foundation\\Http\\Kernel->handle()
#50 {main}

[previous exception] [object] (PDOException(code: 1045): SQLSTATE[HY000] [1045] Access denied for user 'root'@'localhost' (using password: NO) at /mnt/BLOCKSTORAGE/home/250897.cloudwaysapps.com/dpsnfejbmg/public_html/vendor/laravel/framework/src/Illuminate/Database/Connectors/Connector.php:70)
[stacktrace]
#0 /mnt/BLOCKSTORAGE/home/250897.cloudwaysapps.com/dpsnfejbmg/public_html/vendor/laravel/framework/src/Illuminate/Database/Connectors/Connector.php(70): PDO->__construct()
#1 /mnt/BLOCKSTORAGE/home/250897.cloudwaysapps.com/dpsnfejbmg/public_html/vendor/laravel/framework/src/Illuminate/Database/Connectors/Connector.php(46): Illuminate\\Database\\Connectors\\Connector->createPdoConnection()
#2 /mnt/BLOCKSTORAGE/home/250897.cloudwaysapps.com/dpsnfejbmg/public_html/vendor/laravel/framework/src/Illuminate/Database/Connectors/MySqlConnector.php(24): Illuminate\\Database\\Connectors\\Connector->createConnection()
#3 /mnt/BLOCKSTORAGE/home/250897.cloudwaysapps.com/dpsnfejbmg/public_html/vendor/laravel/framework/src/Illuminate/Database/Connectors/ConnectionFactory.php(182): Illuminate\\Database\\Connectors\\MySqlConnector->connect()
#4 [internal function]: Illuminate\\Database\\Connectors\\ConnectionFactory->Illuminate\\Database\\Connectors\\{closure}()
#5 /mnt/BLOCKSTORAGE/home/250897.cloudwaysapps.com/dpsnfejbmg/public_html/vendor/laravel/framework/src/Illuminate/Database/Connection.php(920): call_user_func()
#6 /mnt/BLOCKSTORAGE/home/250897.cloudwaysapps.com/dpsnfejbmg/public_html/vendor/laravel/framework/src/Illuminate/Database/Connection.php(945): Illuminate\\Database\\Connection->getPdo()
#7 /mnt/BLOCKSTORAGE/home/250897.cloudwaysapps.com/dpsnfejbmg/public_html/vendor/laravel/framework/src/Illuminate/Database/Connection.php(400): Illuminate\\Database\\Connection->getReadPdo()
#8 /mnt/BLOCKSTORAGE/home/250897.cloudwaysapps.com/dpsnfejbmg/public_html/vendor/laravel/framework/src/Illuminate/Database/Connection.php(326): Illuminate\\Database\\Connection->getPdoForSelect()
#9 /mnt/BLOCKSTORAGE/home/250897.cloudwaysapps.com/dpsnfejbmg/public_html/vendor/laravel/framework/src/Illuminate/Database/Connection.php(658): Illuminate\\Database\\Connection->Illuminate\\Database\\{closure}()
#10 /mnt/BLOCKSTORAGE/home/250897.cloudwaysapps.com/dpsnfejbmg/public_html/vendor/laravel/framework/src/Illuminate/Database/Connection.php(625): Illuminate\\Database\\Connection->runQueryCallback()
#11 /mnt/BLOCKSTORAGE/home/250897.cloudwaysapps.com/dpsnfejbmg/public_html/vendor/laravel/framework/src/Illuminate/Database/Connection.php(334): Illuminate\\Database\\Connection->run()
#12 /mnt/BLOCKSTORAGE/home/250897.cloudwaysapps.com/dpsnfejbmg/public_html/vendor/laravel/framework/src/Illuminate/Database/Query/Builder.php(2140): Illuminate\\Database\\Connection->select()
#13 /mnt/BLOCKSTORAGE/home/250897.cloudwaysapps.com/dpsnfejbmg/public_html/vendor/laravel/framework/src/Illuminate/Database/Query/Builder.php(2128): Illuminate\\Database\\Query\\Builder->runSelect()
#14 /mnt/BLOCKSTORAGE/home/250897.cloudwaysapps.com/dpsnfejbmg/public_html/vendor/laravel/framework/src/Illuminate/Database/Query/Builder.php(2572): Illuminate\\Database\\Query\\Builder->Illuminate\\Database\\Query\\{closure}()
#15 /mnt/BLOCKSTORAGE/home/250897.cloudwaysapps.com/dpsnfejbmg/public_html/vendor/laravel/framework/src/Illuminate/Database/Query/Builder.php(2129): Illuminate\\Database\\Query\\Builder->onceWithColumns()
#16 /mnt/BLOCKSTORAGE/home/250897.cloudwaysapps.com/dpsnfejbmg/public_html/vendor/laravel/framework/src/Illuminate/Database/Eloquent/Builder.php(521): Illuminate\\Database\\Query\\Builder->get()
#17 /mnt/BLOCKSTORAGE/home/250897.cloudwaysapps.com/dpsnfejbmg/public_html/vendor/laravel/framework/src/Illuminate/Database/Eloquent/Builder.php(505): Illuminate\\Database\\Eloquent\\Builder->getModels()
#18 /mnt/BLOCKSTORAGE/home/250897.cloudwaysapps.com/dpsnfejbmg/public_html/vendor/laravel/framework/src/Illuminate/Database/Concerns/BuildsQueries.php(143): Illuminate\\Database\\Eloquent\\Builder->get()
#19 /mnt/BLOCKSTORAGE/home/250897.cloudwaysapps.com/dpsnfejbmg/public_html/vendor/laravel/framework/src/Illuminate/Auth/EloquentUserProvider.php(68): Illuminate\\Database\\Eloquent\\Builder->first()
#20 /mnt/BLOCKSTORAGE/home/250897.cloudwaysapps.com/dpsnfejbmg/public_html/vendor/laravel/framework/src/Illuminate/Auth/SessionGuard.php(169): Illuminate\\Auth\\EloquentUserProvider->retrieveByToken()
#21 /mnt/BLOCKSTORAGE/home/250897.cloudwaysapps.com/dpsnfejbmg/public_html/vendor/laravel/framework/src/Illuminate/Auth/SessionGuard.php(139): Illuminate\\Auth\\SessionGuard->userFromRecaller()
#22 /mnt/BLOCKSTORAGE/home/250897.cloudwaysapps.com/dpsnfejbmg/public_html/vendor/laravel/framework/src/Illuminate/Auth/GuardHelpers.php(60): Illuminate\\Auth\\SessionGuard->user()
#23 /mnt/BLOCKSTORAGE/home/250897.cloudwaysapps.com/dpsnfejbmg/public_html/vendor/laravel/framework/src/Illuminate/Auth/AuthManager.php(307): Illuminate\\Auth\\SessionGuard->check()
#24 /mnt/BLOCKSTORAGE/home/250897.cloudwaysapps.com/dpsnfejbmg/public_html/vendor/laravel/framework/src/Illuminate/Support/Facades/Facade.php(239): Illuminate\\Auth\\AuthManager->__call()
#25 /mnt/BLOCKSTORAGE/home/250897.cloudwaysapps.com/dpsnfejbmg/public_html/app/Http/Middleware/Admin.php(18): Illuminate\\Support\\Facades\\Facade::__callStatic()
#26 /mnt/BLOCKSTORAGE/home/250897.cloudwaysapps.com/dpsnfejbmg/public_html/vendor/laravel/framework/src/Illuminate/Pipeline/Pipeline.php(171): App\\Http\\Middleware\\Admin->handle()
#27 /mnt/BLOCKSTORAGE/home/250897.cloudwaysapps.com/dpsnfejbmg/public_html/vendor/laravel/framework/src/Illuminate/Routing/Middleware/SubstituteBindings.php(41): Illuminate\\Pipeline\\Pipeline->Illuminate\\Pipeline\\{closure}()
#28 /mnt/BLOCKSTORAGE/home/250897.cloudwaysapps.com/dpsnfejbmg/public_html/vendor/laravel/framework/src/Illuminate/Pipeline/Pipeline.php(171): Illuminate\\Routing\\Middleware\\SubstituteBindings->handle()
#29 /mnt/BLOCKSTORAGE/home/250897.cloudwaysapps.com/dpsnfejbmg/public_html/vendor/laravel/framework/src/Illuminate/Foundation/Http/Middleware/VerifyCsrfToken.php(76): Illuminate\\Pipeline\\Pipeline->Illuminate\\Pipeline\\{closure}()
#30 /mnt/BLOCKSTORAGE/home/250897.cloudwaysapps.com/dpsnfejbmg/public_html/vendor/laravel/framework/src/Illuminate/Pipeline/Pipeline.php(171): Illuminate\\Foundation\\Http\\Middleware\\VerifyCsrfToken->handle()
#31 /mnt/BLOCKSTORAGE/home/250897.cloudwaysapps.com/dpsnfejbmg/public_html/vendor/laravel/framework/src/Illuminate/View/Middleware/ShareErrorsFromSession.php(49): Illuminate\\Pipeline\\Pipeline->Illuminate\\Pipeline\\{closure}()
#32 /mnt/BLOCKSTORAGE/home/250897.cloudwaysapps.com/dpsnfejbmg/public_html/vendor/laravel/framework/src/Illuminate/Pipeline/Pipeline.php(171): Illuminate\\View\\Middleware\\ShareErrorsFromSession->handle()
#33 /mnt/BLOCKSTORAGE/home/250897.cloudwaysapps.com/dpsnfejbmg/public_html/vendor/laravel/framework/src/Illuminate/Session/Middleware/StartSession.php(56): Illuminate\\Pipeline\\Pipeline->Illuminate\\Pipeline\\{closure}()
#34 /mnt/BLOCKSTORAGE/home/250897.cloudwaysapps.com/dpsnfejbmg/public_html/vendor/laravel/framework/src/Illuminate/Pipeline/Pipeline.php(171): Illuminate\\Session\\Middleware\\StartSession->handle()
#35 /mnt/BLOCKSTORAGE/home/250897.cloudwaysapps.com/dpsnfejbmg/public_html/vendor/laravel/framework/src/Illuminate/Cookie/Middleware/AddQueuedCookiesToResponse.php(37): Illuminate\\Pipeline\\Pipeline->Illuminate\\Pipeline\\{closure}()
#36 /mnt/BLOCKSTORAGE/home/250897.cloudwaysapps.com/dpsnfejbmg/public_html/vendor/laravel/framework/src/Illuminate/Pipeline/Pipeline.php(171): Illuminate\\Cookie\\Middleware\\AddQueuedCookiesToResponse->handle()
#37 /mnt/BLOCKSTORAGE/home/250897.cloudwaysapps.com/dpsnfejbmg/public_html/vendor/laravel/framework/src/Illuminate/Cookie/Middleware/EncryptCookies.php(66): Illuminate\\Pipeline\\Pipeline->Illuminate\\Pipeline\\{closure}()
#38 /mnt/BLOCKSTORAGE/home/250897.cloudwaysapps.com/dpsnfejbmg/public_html/vendor/laravel/framework/src/Illuminate/Pipeline/Pipeline.php(171): Illuminate\\Cookie\\Middleware\\EncryptCookies->handle()
#39 /mnt/BLOCKSTORAGE/home/250897.cloudwaysapps.com/dpsnfejbmg/public_html/vendor/laravel/framework/src/Illuminate/Pipeline/Pipeline.php(105): Illuminate\\Pipeline\\Pipeline->Illuminate\\Pipeline\\{closure}()
#40 /mnt/BLOCKSTORAGE/home/250897.cloudwaysapps.com/dpsnfejbmg/public_html/vendor/laravel/framework/src/Illuminate/Routing/Router.php(682): Illuminate\\Pipeline\\Pipeline->then()
#41 /mnt/BLOCKSTORAGE/home/250897.cloudwaysapps.com/dpsnfejbmg/public_html/vendor/laravel/framework/src/Illuminate/Routing/Router.php(657): Illuminate\\Routing\\Router->runRouteWithinStack()
#42 /mnt/BLOCKSTORAGE/home/250897.cloudwaysapps.com/dpsnfejbmg/public_html/vendor/laravel/framework/src/Illuminate/Routing/Router.php(623): Illuminate\\Routing\\Router->runRoute()
#43 /mnt/BLOCKSTORAGE/home/250897.cloudwaysapps.com/dpsnfejbmg/public_html/vendor/laravel/framework/src/Illuminate/Routing/Router.php(612): Illuminate\\Routing\\Router->dispatchToRoute()
#44 /mnt/BLOCKSTORAGE/home/250897.cloudwaysapps.com/dpsnfejbmg/public_html/vendor/laravel/framework/src/Illuminate/Foundation/Http/Kernel.php(176): Illuminate\\Routing\\Router->dispatch()
#45 /mnt/BLOCKSTORAGE/home/250897.cloudwaysapps.com/dpsnfejbmg/public_html/vendor/laravel/framework/src/Illuminate/Pipeline/Pipeline.php(130): Illuminate\\Foundation\\Http\\Kernel->Illuminate\\Foundation\\Http\\{closure}()
#46 /mnt/BLOCKSTORAGE/home/250897.cloudwaysapps.com/dpsnfejbmg/public_html/vendor/laravel/framework/src/Illuminate/Foundation/Http/Middleware/TransformsRequest.php(21): Illuminate\\Pipeline\\Pipeline->Illuminate\\Pipeline\\{closure}()
#47 /mnt/BLOCKSTORAGE/home/250897.cloudwaysapps.com/dpsnfejbmg/public_html/vendor/laravel/framework/src/Illuminate/Pipeline/Pipeline.php(171): Illuminate\\Foundation\\Http\\Middleware\\TransformsRequest->handle()
#48 /mnt/BLOCKSTORAGE/home/250897.cloudwaysapps.com/dpsnfejbmg/public_html/vendor/laravel/framework/src/Illuminate/Foundation/Http/Middleware/TransformsRequest.php(21): Illuminate\\Pipeline\\Pipeline->Illuminate\\Pipeline\\{closure}()
#49 /mnt/BLOCKSTORAGE/home/250897.cloudwaysapps.com/dpsnfejbmg/public_html/vendor/laravel/framework/src/Illuminate/Pipeline/Pipeline.php(171): Illuminate\\Foundation\\Http\\Middleware\\TransformsRequest->handle()
#50 /mnt/BLOCKSTORAGE/home/250897.cloudwaysapps.com/dpsnfejbmg/public_html/vendor/laravel/framework/src/Illuminate/Foundation/Http/Middleware/ValidatePostSize.php(27): Illuminate\\Pipeline\\Pipeline->Illuminate\\Pipeline\\{closure}()
#51 /mnt/BLOCKSTORAGE/home/250897.cloudwaysapps.com/dpsnfejbmg/public_html/vendor/laravel/framework/src/Illuminate/Pipeline/Pipeline.php(171): Illuminate\\Foundation\\Http\\Middleware\\ValidatePostSize->handle()
#52 /mnt/BLOCKSTORAGE/home/250897.cloudwaysapps.com/dpsnfejbmg/public_html/vendor/laravel/framework/src/Illuminate/Foundation/Http/Middleware/CheckForMaintenanceMode.php(62): Illuminate\\Pipeline\\Pipeline->Illuminate\\Pipeline\\{closure}()
#53 /mnt/BLOCKSTORAGE/home/250897.cloudwaysapps.com/dpsnfejbmg/public_html/vendor/laravel/framework/src/Illuminate/Pipeline/Pipeline.php(171): Illuminate\\Foundation\\Http\\Middleware\\CheckForMaintenanceMode->handle()
#54 /mnt/BLOCKSTORAGE/home/250897.cloudwaysapps.com/dpsnfejbmg/public_html/vendor/fideloper/proxy/src/TrustProxies.php(57): Illuminate\\Pipeline\\Pipeline->Illuminate\\Pipeline\\{closure}()
#55 /mnt/BLOCKSTORAGE/home/250897.cloudwaysapps.com/dpsnfejbmg/public_html/vendor/laravel/framework/src/Illuminate/Pipeline/Pipeline.php(171): Fideloper\\Proxy\\TrustProxies->handle()
#56 /mnt/BLOCKSTORAGE/home/250897.cloudwaysapps.com/dpsnfejbmg/public_html/vendor/laravel/framework/src/Illuminate/Pipeline/Pipeline.php(105): Illuminate\\Pipeline\\Pipeline->Illuminate\\Pipeline\\{closure}()
#57 /mnt/BLOCKSTORAGE/home/250897.cloudwaysapps.com/dpsnfejbmg/public_html/vendor/laravel/framework/src/Illuminate/Foundation/Http/Kernel.php(151): Illuminate\\Pipeline\\Pipeline->then()
#58 /mnt/BLOCKSTORAGE/home/250897.cloudwaysapps.com/dpsnfejbmg/public_html/vendor/laravel/framework/src/Illuminate/Foundation/Http/Kernel.php(116): Illuminate\\Foundation\\Http\\Kernel->sendRequestThroughRouter()
#59 /mnt/BLOCKSTORAGE/home/250897.cloudwaysapps.com/dpsnfejbmg/public_html/public/index.php(55): Illuminate\\Foundation\\Http\\Kernel->handle()
#60 {main}
"} 
[2021-05-20 17:08:13] local.ERROR: file_put_contents(D:\poznic\storage\framework/sessions/Fc36kHCyojelTj9X3nyCpHIit2E3PNU85thkVuIX): failed to open stream: No such file or directory {"exception":"[object] (ErrorException(code: 0): file_put_contents(D:\\poznic\\storage\\framework/sessions/Fc36kHCyojelTj9X3nyCpHIit2E3PNU85thkVuIX): failed to open stream: No such file or directory at /mnt/BLOCKSTORAGE/home/250897.cloudwaysapps.com/dpsnfejbmg/public_html/vendor/laravel/framework/src/Illuminate/Filesystem/Filesystem.php:122)
[stacktrace]
#0 [internal function]: Illuminate\\Foundation\\Bootstrap\\HandleExceptions->handleError()
#1 /mnt/BLOCKSTORAGE/home/250897.cloudwaysapps.com/dpsnfejbmg/public_html/vendor/laravel/framework/src/Illuminate/Filesystem/Filesystem.php(122): file_put_contents()
#2 /mnt/BLOCKSTORAGE/home/250897.cloudwaysapps.com/dpsnfejbmg/public_html/vendor/laravel/framework/src/Illuminate/Session/FileSessionHandler.php(83): Illuminate\\Filesystem\\Filesystem->put()
#3 /mnt/BLOCKSTORAGE/home/250897.cloudwaysapps.com/dpsnfejbmg/public_html/vendor/laravel/framework/src/Illuminate/Session/Store.php(129): Illuminate\\Session\\FileSessionHandler->write()
#4 /mnt/BLOCKSTORAGE/home/250897.cloudwaysapps.com/dpsnfejbmg/public_html/vendor/laravel/framework/src/Illuminate/Session/Middleware/StartSession.php(170): Illuminate\\Session\\Store->save()
#5 /mnt/BLOCKSTORAGE/home/250897.cloudwaysapps.com/dpsnfejbmg/public_html/vendor/laravel/framework/src/Illuminate/Session/Middleware/StartSession.php(65): Illuminate\\Session\\Middleware\\StartSession->saveSession()
#6 /mnt/BLOCKSTORAGE/home/250897.cloudwaysapps.com/dpsnfejbmg/public_html/vendor/laravel/framework/src/Illuminate/Pipeline/Pipeline.php(171): Illuminate\\Session\\Middleware\\StartSession->handle()
#7 /mnt/BLOCKSTORAGE/home/250897.cloudwaysapps.com/dpsnfejbmg/public_html/vendor/laravel/framework/src/Illuminate/Cookie/Middleware/AddQueuedCookiesToResponse.php(37): Illuminate\\Pipeline\\Pipeline->Illuminate\\Pipeline\\{closure}()
#8 /mnt/BLOCKSTORAGE/home/250897.cloudwaysapps.com/dpsnfejbmg/public_html/vendor/laravel/framework/src/Illuminate/Pipeline/Pipeline.php(171): Illuminate\\Cookie\\Middleware\\AddQueuedCookiesToResponse->handle()
#9 /mnt/BLOCKSTORAGE/home/250897.cloudwaysapps.com/dpsnfejbmg/public_html/vendor/laravel/framework/src/Illuminate/Cookie/Middleware/EncryptCookies.php(66): Illuminate\\Pipeline\\Pipeline->Illuminate\\Pipeline\\{closure}()
#10 /mnt/BLOCKSTORAGE/home/250897.cloudwaysapps.com/dpsnfejbmg/public_html/vendor/laravel/framework/src/Illuminate/Pipeline/Pipeline.php(171): Illuminate\\Cookie\\Middleware\\EncryptCookies->handle()
#11 /mnt/BLOCKSTORAGE/home/250897.cloudwaysapps.com/dpsnfejbmg/public_html/vendor/laravel/framework/src/Illuminate/Pipeline/Pipeline.php(105): Illuminate\\Pipeline\\Pipeline->Illuminate\\Pipeline\\{closure}()
#12 /mnt/BLOCKSTORAGE/home/250897.cloudwaysapps.com/dpsnfejbmg/public_html/vendor/laravel/framework/src/Illuminate/Routing/Router.php(682): Illuminate\\Pipeline\\Pipeline->then()
#13 /mnt/BLOCKSTORAGE/home/250897.cloudwaysapps.com/dpsnfejbmg/public_html/vendor/laravel/framework/src/Illuminate/Routing/Router.php(657): Illuminate\\Routing\\Router->runRouteWithinStack()
#14 /mnt/BLOCKSTORAGE/home/250897.cloudwaysapps.com/dpsnfejbmg/public_html/vendor/laravel/framework/src/Illuminate/Routing/Router.php(623): Illuminate\\Routing\\Router->runRoute()
#15 /mnt/BLOCKSTORAGE/home/250897.cloudwaysapps.com/dpsnfejbmg/public_html/vendor/laravel/framework/src/Illuminate/Routing/Router.php(612): Illuminate\\Routing\\Router->dispatchToRoute()
#16 /mnt/BLOCKSTORAGE/home/250897.cloudwaysapps.com/dpsnfejbmg/public_html/vendor/laravel/framework/src/Illuminate/Foundation/Http/Kernel.php(176): Illuminate\\Routing\\Router->dispatch()
#17 /mnt/BLOCKSTORAGE/home/250897.cloudwaysapps.com/dpsnfejbmg/public_html/vendor/laravel/framework/src/Illuminate/Pipeline/Pipeline.php(130): Illuminate\\Foundation\\Http\\Kernel->Illuminate\\Foundation\\Http\\{closure}()
#18 /mnt/BLOCKSTORAGE/home/250897.cloudwaysapps.com/dpsnfejbmg/public_html/vendor/laravel/framework/src/Illuminate/Foundation/Http/Middleware/TransformsRequest.php(21): Illuminate\\Pipeline\\Pipeline->Illuminate\\Pipeline\\{closure}()
#19 /mnt/BLOCKSTORAGE/home/250897.cloudwaysapps.com/dpsnfejbmg/public_html/vendor/laravel/framework/src/Illuminate/Pipeline/Pipeline.php(171): Illuminate\\Foundation\\Http\\Middleware\\TransformsRequest->handle()
#20 /mnt/BLOCKSTORAGE/home/250897.cloudwaysapps.com/dpsnfejbmg/public_html/vendor/laravel/framework/src/Illuminate/Foundation/Http/Middleware/TransformsRequest.php(21): Illuminate\\Pipeline\\Pipeline->Illuminate\\Pipeline\\{closure}()
#21 /mnt/BLOCKSTORAGE/home/250897.cloudwaysapps.com/dpsnfejbmg/public_html/vendor/laravel/framework/src/Illuminate/Pipeline/Pipeline.php(171): Illuminate\\Foundation\\Http\\Middleware\\TransformsRequest->handle()
#22 /mnt/BLOCKSTORAGE/home/250897.cloudwaysapps.com/dpsnfejbmg/public_html/vendor/laravel/framework/src/Illuminate/Foundation/Http/Middleware/ValidatePostSize.php(27): Illuminate\\Pipeline\\Pipeline->Illuminate\\Pipeline\\{closure}()
#23 /mnt/BLOCKSTORAGE/home/250897.cloudwaysapps.com/dpsnfejbmg/public_html/vendor/laravel/framework/src/Illuminate/Pipeline/Pipeline.php(171): Illuminate\\Foundation\\Http\\Middleware\\ValidatePostSize->handle()
#24 /mnt/BLOCKSTORAGE/home/250897.cloudwaysapps.com/dpsnfejbmg/public_html/vendor/laravel/framework/src/Illuminate/Foundation/Http/Middleware/CheckForMaintenanceMode.php(62): Illuminate\\Pipeline\\Pipeline->Illuminate\\Pipeline\\{closure}()
#25 /mnt/BLOCKSTORAGE/home/250897.cloudwaysapps.com/dpsnfejbmg/public_html/vendor/laravel/framework/src/Illuminate/Pipeline/Pipeline.php(171): Illuminate\\Foundation\\Http\\Middleware\\CheckForMaintenanceMode->handle()
#26 /mnt/BLOCKSTORAGE/home/250897.cloudwaysapps.com/dpsnfejbmg/public_html/vendor/fideloper/proxy/src/TrustProxies.php(57): Illuminate\\Pipeline\\Pipeline->Illuminate\\Pipeline\\{closure}()
#27 /mnt/BLOCKSTORAGE/home/250897.cloudwaysapps.com/dpsnfejbmg/public_html/vendor/laravel/framework/src/Illuminate/Pipeline/Pipeline.php(171): Fideloper\\Proxy\\TrustProxies->handle()
#28 /mnt/BLOCKSTORAGE/home/250897.cloudwaysapps.com/dpsnfejbmg/public_html/vendor/laravel/framework/src/Illuminate/Pipeline/Pipeline.php(105): Illuminate\\Pipeline\\Pipeline->Illuminate\\Pipeline\\{closure}()
#29 /mnt/BLOCKSTORAGE/home/250897.cloudwaysapps.com/dpsnfejbmg/public_html/vendor/laravel/framework/src/Illuminate/Foundation/Http/Kernel.php(151): Illuminate\\Pipeline\\Pipeline->then()
#30 /mnt/BLOCKSTORAGE/home/250897.cloudwaysapps.com/dpsnfejbmg/public_html/vendor/laravel/framework/src/Illuminate/Foundation/Http/Kernel.php(116): Illuminate\\Foundation\\Http\\Kernel->sendRequestThroughRouter()
#31 /mnt/BLOCKSTORAGE/home/250897.cloudwaysapps.com/dpsnfejbmg/public_html/public/index.php(55): Illuminate\\Foundation\\Http\\Kernel->handle()
#32 {main}
"} 
